<?xml version="1.0" encoding="UTF-8"?>
<coverage generated="1784193172905" clover="3.2.0">
  <project timestamp="1784193172905" name="All files">
    <metrics statements="364" coveredstatements="337" conditionals="126" coveredconditionals="103" methods="40" coveredmethods="39" elements="530" coveredelements="479" complexity="0" loc="364" ncloc="364" packages="5" files="16" classes="16"/>
    <package name="models">
      <metrics statements="37" coveredstatements="36" conditionals="10" coveredconditionals="7" methods="9" coveredmethods="9"/>
      <file name="book.js" path="C:\Users\admin\Desktop\LibraryHub\Backend\models\book.js">
        <metrics statements="5" coveredstatements="5" conditionals="0" coveredconditionals="0" methods="2" coveredmethods="2"/>
        <line num="4" count="8" type="stmt"/>
        <line num="5" count="8" type="stmt"/>
        <line num="13" count="8" type="stmt"/>
        <line num="19" count="8" type="stmt"/>
        <line num="28" count="8" type="stmt"/>
      </file>
      <file name="borrowrecord.js" path="C:\Users\admin\Desktop\LibraryHub\Backend\models\borrowrecord.js">
        <metrics statements="6" coveredstatements="6" conditionals="0" coveredconditionals="0" methods="2" coveredmethods="2"/>
        <line num="4" count="8" type="stmt"/>
        <line num="5" count="8" type="stmt"/>
        <line num="13" count="8" type="stmt"/>
        <line num="18" count="8" type="stmt"/>
        <line num="24" count="8" type="stmt"/>
        <line num="39" count="8" type="stmt"/>
      </file>
      <file name="index.js" path="C:\Users\admin\Desktop\LibraryHub\Backend\models\index.js">
        <metrics statements="21" coveredstatements="20" conditionals="10" coveredconditionals="7" methods="3" coveredmethods="3"/>
        <line num="3" count="8" type="stmt"/>
        <line num="4" count="8" type="stmt"/>
        <line num="5" count="8" type="stmt"/>
        <line num="6" count="8" type="stmt"/>
        <line num="7" count="8" type="stmt"/>
        <line num="8" count="8" type="cond" truecount="1" falsecount="1"/>
        <line num="9" count="8" type="stmt"/>
        <line num="10" count="8" type="stmt"/>
        <line num="13" count="8" type="cond" truecount="1" falsecount="1"/>
        <line num="14" count="0" type="stmt"/>
        <line num="16" count="8" type="stmt"/>
        <line num="19" count="8" type="stmt"/>
        <line num="22" count="32" type="stmt"/>
        <line num="30" count="24" type="stmt"/>
        <line num="31" count="24" type="stmt"/>
        <line num="34" count="8" type="stmt"/>
        <line num="35" count="24" type="cond" truecount="1" falsecount="1"/>
        <line num="36" count="24" type="stmt"/>
        <line num="40" count="8" type="stmt"/>
        <line num="41" count="8" type="stmt"/>
        <line num="43" count="8" type="stmt"/>
      </file>
      <file name="user.js" path="C:\Users\admin\Desktop\LibraryHub\Backend\models\user.js">
        <metrics statements="5" coveredstatements="5" conditionals="0" coveredconditionals="0" methods="2" coveredmethods="2"/>
        <line num="4" count="8" type="stmt"/>
        <line num="5" count="8" type="stmt"/>
        <line num="13" count="8" type="stmt"/>
        <line num="20" count="8" type="stmt"/>
        <line num="29" count="8" type="stmt"/>
      </file>
    </package>
    <package name="src">
      <metrics statements="23" coveredstatements="22" conditionals="0" coveredconditionals="0" methods="2" coveredmethods="1"/>
      <file name="app.js" path="C:\Users\admin\Desktop\LibraryHub\Backend\src\app.js">
        <metrics statements="23" coveredstatements="22" conditionals="0" coveredconditionals="0" methods="2" coveredmethods="1"/>
        <line num="1" count="8" type="stmt"/>
        <line num="2" count="8" type="stmt"/>
        <line num="3" count="8" type="stmt"/>
        <line num="5" count="8" type="stmt"/>
        <line num="7" count="8" type="stmt"/>
        <line num="8" count="8" type="stmt"/>
        <line num="9" count="8" type="stmt"/>
        <line num="10" count="8" type="stmt"/>
        <line num="11" count="8" type="stmt"/>
        <line num="13" count="8" type="stmt"/>
        <line num="16" count="8" type="stmt"/>
        <line num="23" count="8" type="stmt"/>
        <line num="26" count="8" type="stmt"/>
        <line num="27" count="1" type="stmt"/>
        <line num="33" count="8" type="stmt"/>
        <line num="34" count="8" type="stmt"/>
        <line num="35" count="8" type="stmt"/>
        <line num="36" count="8" type="stmt"/>
        <line num="37" count="8" type="stmt"/>
        <line num="40" count="8" type="stmt"/>
        <line num="43" count="8" type="stmt"/>
        <line num="44" count="0" type="stmt"/>
        <line num="49" count="8" type="stmt"/>
      </file>
    </package>
    <package name="src.controllers">
      <metrics statements="243" coveredstatements="218" conditionals="108" coveredconditionals="89" methods="26" coveredmethods="26"/>
      <file name="adminController.js" path="C:\Users\admin\Desktop\LibraryHub\Backend\src\controllers\adminController.js">
        <metrics statements="55" coveredstatements="48" conditionals="29" coveredconditionals="19" methods="8" coveredmethods="8"/>
        <line num="1" count="8" type="stmt"/>
        <line num="2" count="8" type="stmt"/>
        <line num="6" count="8" type="stmt"/>
        <line num="8" count="8" type="stmt"/>
        <line num="9" count="8" type="stmt"/>
        <line num="11" count="8" type="stmt"/>
        <line num="12" count="8" type="cond" truecount="1" falsecount="1"/>
        <line num="13" count="8" type="cond" truecount="1" falsecount="1"/>
        <line num="15" count="8" type="stmt"/>
        <line num="18" count="8" type="stmt"/>
        <line num="19" count="1" type="stmt"/>
        <line num="20" count="1" type="stmt"/>
        <line num="25" count="1" type="stmt"/>
        <line num="27" count="2" type="stmt"/>
        <line num="33" count="0" type="stmt"/>
        <line num="37" count="8" type="stmt"/>
        <line num="38" count="3" type="stmt"/>
        <line num="39" count="3" type="stmt"/>
        <line num="41" count="3" type="cond" truecount="4" falsecount="1"/>
        <line num="42" count="0" type="stmt"/>
        <line num="45" count="3" type="stmt"/>
        <line num="47" count="3" type="cond" truecount="3" falsecount="1"/>
        <line num="48" count="0" type="stmt"/>
        <line num="53" count="3" type="cond" truecount="2" falsecount="0"/>
        <line num="54" count="1" type="stmt"/>
        <line num="59" count="2" type="stmt"/>
        <line num="61" count="2" type="cond" truecount="1" falsecount="1"/>
        <line num="62" count="0" type="stmt"/>
        <line num="65" count="2" type="cond" truecount="2" falsecount="0"/>
        <line num="66" count="1" type="stmt"/>
        <line num="71" count="1" type="stmt"/>
        <line num="75" count="1" type="stmt"/>
        <line num="87" count="0" type="stmt"/>
        <line num="91" count="8" type="stmt"/>
        <line num="92" count="1" type="stmt"/>
        <line num="93" count="1" type="stmt"/>
        <line num="104" count="1" type="stmt"/>
        <line num="126" count="1" type="stmt"/>
        <line num="127" count="1" type="stmt"/>
        <line num="130" count="1" type="stmt"/>
        <line num="144" count="0" type="stmt"/>
        <line num="148" count="8" type="stmt"/>
        <line num="149" count="1" type="stmt"/>
        <line num="150" count="1" type="stmt"/>
        <line num="152" count="1" type="stmt"/>
        <line num="174" count="1" type="stmt"/>
        <line num="175" count="1" type="stmt"/>
        <line num="176" count="1" type="stmt"/>
        <line num="177" count="1" type="cond" truecount="1" falsecount="1"/>
        <line num="178" count="1" type="cond" truecount="1" falsecount="1"/>
        <line num="179" count="1" type="cond" truecount="1" falsecount="1"/>
        <line num="181" count="1" type="stmt"/>
        <line num="192" count="1" type="stmt"/>
        <line num="197" count="0" type="stmt"/>
        <line num="201" count="8" type="stmt"/>
      </file>
      <file name="authController.js" path="C:\Users\admin\Desktop\LibraryHub\Backend\src\controllers\authController.js">
        <metrics statements="42" coveredstatements="39" conditionals="19" coveredconditionals="16" methods="4" coveredmethods="4"/>
        <line num="1" count="8" type="stmt"/>
        <line num="2" count="8" type="stmt"/>
        <line num="3" count="8" type="stmt"/>
        <line num="5" count="8" type="stmt"/>
        <line num="6" count="8" type="stmt"/>
        <line num="8" count="8" type="stmt"/>
        <line num="9" count="2" type="cond" truecount="1" falsecount="1"/>
        <line num="10" count="2" type="cond" truecount="1" falsecount="1"/>
        <line num="12" count="2" type="stmt"/>
        <line num="15" count="8" type="stmt"/>
        <line num="16" count="6" type="stmt"/>
        <line num="17" count="6" type="stmt"/>
        <line num="19" count="6" type="cond" truecount="5" falsecount="0"/>
        <line num="20" count="1" type="stmt"/>
        <line num="25" count="5" type="stmt"/>
        <line num="27" count="5" type="cond" truecount="2" falsecount="0"/>
        <line num="28" count="1" type="stmt"/>
        <line num="31" count="4" type="stmt"/>
        <line num="33" count="4" type="stmt"/>
        <line num="40" count="4" type="stmt"/>
        <line num="42" count="0" type="stmt"/>
        <line num="46" count="8" type="stmt"/>
        <line num="47" count="3" type="stmt"/>
        <line num="48" count="3" type="stmt"/>
        <line num="50" count="3" type="stmt"/>
        <line num="52" count="3" type="cond" truecount="2" falsecount="0"/>
        <line num="53" count="1" type="stmt"/>
        <line num="56" count="2" type="stmt"/>
        <line num="58" count="2" type="cond" truecount="2" falsecount="0"/>
        <line num="59" count="1" type="stmt"/>
        <line num="62" count="1" type="stmt"/>
        <line num="64" count="1" type="stmt"/>
        <line num="73" count="1" type="stmt"/>
        <line num="84" count="0" type="stmt"/>
        <line num="88" count="8" type="stmt"/>
        <line num="89" count="2" type="stmt"/>
        <line num="90" count="2" type="stmt"/>
        <line num="94" count="2" type="cond" truecount="2" falsecount="0"/>
        <line num="95" count="1" type="stmt"/>
        <line num="98" count="1" type="stmt"/>
        <line num="105" count="0" type="stmt"/>
        <line num="109" count="8" type="stmt"/>
      </file>
      <file name="bookController.js" path="C:\Users\admin\Desktop\LibraryHub\Backend\src\controllers\bookController.js">
        <metrics statements="47" coveredstatements="41" conditionals="14" coveredconditionals="14" methods="6" coveredmethods="6"/>
        <line num="1" count="8" type="stmt"/>
        <line num="2" count="8" type="stmt"/>
        <line num="4" count="8" type="stmt"/>
        <line num="5" count="1" type="stmt"/>
        <line num="6" count="1" type="stmt"/>
        <line num="10" count="1" type="stmt"/>
        <line num="15" count="0" type="stmt"/>
        <line num="19" count="8" type="stmt"/>
        <line num="20" count="2" type="stmt"/>
        <line num="21" count="2" type="stmt"/>
        <line num="23" count="2" type="cond" truecount="2" falsecount="0"/>
        <line num="24" count="1" type="stmt"/>
        <line num="27" count="1" type="stmt"/>
        <line num="32" count="0" type="stmt"/>
        <line num="36" count="8" type="stmt"/>
        <line num="37" count="2" type="stmt"/>
        <line num="38" count="2" type="stmt"/>
        <line num="40" count="2" type="cond" truecount="6" falsecount="0"/>
        <line num="41" count="1" type="stmt"/>
        <line num="44" count="1" type="stmt"/>
        <line num="51" count="1" type="stmt"/>
        <line num="56" count="0" type="stmt"/>
        <line num="60" count="8" type="stmt"/>
        <line num="61" count="2" type="stmt"/>
        <line num="62" count="2" type="stmt"/>
        <line num="64" count="2" type="cond" truecount="2" falsecount="0"/>
        <line num="65" count="1" type="stmt"/>
        <line num="68" count="1" type="stmt"/>
        <line num="70" count="1" type="stmt"/>
        <line num="75" count="0" type="stmt"/>
        <line num="79" count="8" type="stmt"/>
        <line num="80" count="2" type="stmt"/>
        <line num="81" count="2" type="stmt"/>
        <line num="83" count="2" type="cond" truecount="2" falsecount="0"/>
        <line num="84" count="1" type="stmt"/>
        <line num="87" count="1" type="stmt"/>
        <line num="89" count="1" type="stmt"/>
        <line num="93" count="0" type="stmt"/>
        <line num="97" count="8" type="stmt"/>
        <line num="98" count="2" type="stmt"/>
        <line num="99" count="2" type="stmt"/>
        <line num="101" count="2" type="cond" truecount="2" falsecount="0"/>
        <line num="102" count="1" type="stmt"/>
        <line num="107" count="1" type="stmt"/>
        <line num="118" count="1" type="stmt"/>
        <line num="123" count="0" type="stmt"/>
        <line num="127" count="8" type="stmt"/>
      </file>
      <file name="borrowController.js" path="C:\Users\admin\Desktop\LibraryHub\Backend\src\controllers\borrowController.js">
        <metrics statements="91" coveredstatements="83" conditionals="44" coveredconditionals="39" methods="7" coveredmethods="7"/>
        <line num="1" count="8" type="stmt"/>
        <line num="6" count="8" type="stmt"/>
        <line num="9" count="8" type="stmt"/>
        <line num="11" count="8" type="stmt"/>
        <line num="12" count="4" type="cond" truecount="3" falsecount="1"/>
        <line num="13" count="4" type="stmt"/>
        <line num="14" count="4" type="stmt"/>
        <line num="15" count="4" type="stmt"/>
        <line num="16" count="4" type="stmt"/>
        <line num="19" count="0" type="stmt"/>
        <line num="22" count="8" type="stmt"/>
        <line num="23" count="5" type="cond" truecount="2" falsecount="0"/>
        <line num="24" count="1" type="stmt"/>
        <line num="27" count="4" type="stmt"/>
        <line num="28" count="4" type="stmt"/>
        <line num="30" count="4" type="cond" truecount="2" falsecount="0"/>
        <line num="35" count="3" type="stmt"/>
        <line num="38" count="1" type="stmt"/>
        <line num="41" count="8" type="cond" truecount="1" falsecount="0"/>
        <line num="42" count="7" type="cond" truecount="1" falsecount="1"/>
        <line num="43" count="7" type="cond" truecount="4" falsecount="0"/>
        <line num="44" count="7" type="cond" truecount="2" falsecount="0"/>
        <line num="45" count="7" type="stmt"/>
        <line num="46" count="7" type="stmt"/>
        <line num="47" count="7" type="cond" truecount="2" falsecount="0"/>
        <line num="49" count="7" type="stmt"/>
        <line num="62" count="8" type="stmt"/>
        <line num="63" count="8" type="stmt"/>
        <line num="65" count="8" type="stmt"/>
        <line num="66" count="8" type="stmt"/>
        <line num="67" count="8" type="stmt"/>
        <line num="69" count="8" type="cond" truecount="2" falsecount="0"/>
        <line num="70" count="1" type="stmt"/>
        <line num="71" count="1" type="stmt"/>
        <line num="74" count="7" type="stmt"/>
        <line num="76" count="7" type="cond" truecount="2" falsecount="0"/>
        <line num="77" count="1" type="stmt"/>
        <line num="78" count="1" type="stmt"/>
        <line num="81" count="6" type="cond" truecount="2" falsecount="0"/>
        <line num="82" count="1" type="stmt"/>
        <line num="83" count="1" type="stmt"/>
        <line num="86" count="5" type="stmt"/>
        <line num="87" count="5" type="stmt"/>
        <line num="89" count="5" type="cond" truecount="2" falsecount="0"/>
        <line num="90" count="3" type="stmt"/>
        <line num="91" count="3" type="stmt"/>
        <line num="94" count="2" type="stmt"/>
        <line num="99" count="2" type="stmt"/>
        <line num="112" count="2" type="stmt"/>
        <line num="114" count="2" type="stmt"/>
        <line num="116" count="2" type="stmt"/>
        <line num="124" count="0" type="stmt"/>
        <line num="125" count="0" type="stmt"/>
        <line num="129" count="8" type="stmt"/>
        <line num="130" count="6" type="stmt"/>
        <line num="132" count="6" type="stmt"/>
        <line num="133" count="6" type="stmt"/>
        <line num="134" count="6" type="stmt"/>
        <line num="136" count="6" type="cond" truecount="2" falsecount="0"/>
        <line num="137" count="1" type="stmt"/>
        <line num="138" count="1" type="stmt"/>
        <line num="141" count="5" type="stmt"/>
        <line num="143" count="5" type="cond" truecount="2" falsecount="0"/>
        <line num="144" count="1" type="stmt"/>
        <line num="145" count="1" type="stmt"/>
        <line num="148" count="4" type="cond" truecount="2" falsecount="0"/>
        <line num="149" count="1" type="stmt"/>
        <line num="150" count="1" type="stmt"/>
        <line num="153" count="3" type="cond" truecount="2" falsecount="0"/>
        <line num="154" count="1" type="stmt"/>
        <line num="155" count="1" type="stmt"/>
        <line num="158" count="2" type="stmt"/>
        <line num="160" count="2" type="cond" truecount="1" falsecount="1"/>
        <line num="161" count="0" type="stmt"/>
        <line num="162" count="0" type="stmt"/>
        <line num="165" count="2" type="stmt"/>
        <line num="166" count="2" type="stmt"/>
        <line num="168" count="2" type="stmt"/>
        <line num="177" count="2" type="stmt"/>
        <line num="184" count="2" type="stmt"/>
        <line num="186" count="2" type="stmt"/>
        <line num="191" count="0" type="stmt"/>
        <line num="192" count="0" type="stmt"/>
        <line num="196" count="8" type="stmt"/>
        <line num="197" count="2" type="stmt"/>
        <line num="198" count="2" type="stmt"/>
        <line num="200" count="2" type="stmt"/>
        <line num="212" count="3" type="stmt"/>
        <line num="214" count="2" type="stmt"/>
        <line num="219" count="0" type="stmt"/>
        <line num="225" count="8" type="stmt"/>
      </file>
      <file name="recommendationController.js" path="C:\Users\admin\Desktop\LibraryHub\Backend\src\controllers\recommendationController.js">
        <metrics statements="8" coveredstatements="7" conditionals="2" coveredconditionals="1" methods="1" coveredmethods="1"/>
        <line num="1" count="8" type="stmt"/>
        <line num="3" count="8" type="stmt"/>
        <line num="4" count="1" type="stmt"/>
        <line num="6" count="1" type="cond" truecount="1" falsecount="1"/>
        <line num="8" count="1" type="stmt"/>
        <line num="10" count="1" type="stmt"/>
        <line num="12" count="0" type="stmt"/>
        <line num="19" count="8" type="stmt"/>
      </file>
    </package>
    <package name="src.middlewares">
      <metrics statements="18" coveredstatements="18" conditionals="8" coveredconditionals="7" methods="2" coveredmethods="2"/>
      <file name="authMiddleware.js" path="C:\Users\admin\Desktop\LibraryHub\Backend\src\middlewares\authMiddleware.js">
        <metrics statements="18" coveredstatements="18" conditionals="8" coveredconditionals="7" methods="2" coveredmethods="2"/>
        <line num="1" count="8" type="stmt"/>
        <line num="3" count="8" type="stmt"/>
        <line num="4" count="39" type="stmt"/>
        <line num="5" count="39" type="stmt"/>
        <line num="7" count="39" type="cond" truecount="2" falsecount="0"/>
        <line num="8" count="3" type="stmt"/>
        <line num="11" count="36" type="stmt"/>
        <line num="13" count="36" type="cond" truecount="2" falsecount="0"/>
        <line num="14" count="1" type="stmt"/>
        <line num="17" count="35" type="cond" truecount="1" falsecount="1"/>
        <line num="19" count="34" type="stmt"/>
        <line num="24" count="34" type="stmt"/>
        <line num="26" count="1" type="stmt"/>
        <line num="30" count="8" type="stmt"/>
        <line num="31" count="16" type="cond" truecount="2" falsecount="0"/>
        <line num="32" count="3" type="stmt"/>
        <line num="35" count="13" type="stmt"/>
        <line num="38" count="8" type="stmt"/>
      </file>
    </package>
    <package name="src.routes">
      <metrics statements="43" coveredstatements="43" conditionals="0" coveredconditionals="0" methods="1" coveredmethods="1"/>
      <file name="adminRoutes.js" path="C:\Users\admin\Desktop\LibraryHub\Backend\src\routes\adminRoutes.js">
        <metrics statements="11" coveredstatements="11" conditionals="0" coveredconditionals="0" methods="1" coveredmethods="1"/>
        <line num="1" count="8" type="stmt"/>
        <line num="7" count="8" type="stmt"/>
        <line num="8" count="8" type="stmt"/>
        <line num="10" count="8" type="stmt"/>
        <line num="12" count="8" type="stmt"/>
        <line num="13" count="1" type="stmt"/>
        <line num="18" count="8" type="stmt"/>
        <line num="20" count="8" type="stmt"/>
        <line num="22" count="8" type="stmt"/>
        <line num="24" count="8" type="stmt"/>
        <line num="26" count="8" type="stmt"/>
      </file>
      <file name="authRoutes.js" path="C:\Users\admin\Desktop\LibraryHub\Backend\src\routes\authRoutes.js">
        <metrics statements="8" coveredstatements="8" conditionals="0" coveredconditionals="0" methods="0" coveredmethods="0"/>
        <line num="1" count="8" type="stmt"/>
        <line num="2" count="8" type="stmt"/>
        <line num="3" count="8" type="stmt"/>
        <line num="5" count="8" type="stmt"/>
        <line num="30" count="8" type="stmt"/>
        <line num="53" count="8" type="stmt"/>
        <line num="55" count="8" type="stmt"/>
        <line num="57" count="8" type="stmt"/>
      </file>
      <file name="bookRoutes.js" path="C:\Users\admin\Desktop\LibraryHub\Backend\src\routes\bookRoutes.js">
        <metrics statements="11" coveredstatements="11" conditionals="0" coveredconditionals="0" methods="0" coveredmethods="0"/>
        <line num="1" count="8" type="stmt"/>
        <line num="9" count="8" type="stmt"/>
        <line num="11" count="8" type="stmt"/>
        <line num="13" count="8" type="stmt"/>
        <line num="25" count="8" type="stmt"/>
        <line num="42" count="8" type="stmt"/>
        <line num="60" count="8" type="stmt"/>
        <line num="89" count="8" type="stmt"/>
        <line num="109" count="8" type="stmt"/>
        <line num="129" count="8" type="stmt"/>
        <line num="131" count="8" type="stmt"/>
      </file>
      <file name="borrowRoutes.js" path="C:\Users\admin\Desktop\LibraryHub\Backend\src\routes\borrowRoutes.js">
        <metrics statements="8" coveredstatements="8" conditionals="0" coveredconditionals="0" methods="0" coveredmethods="0"/>
        <line num="1" count="8" type="stmt"/>
        <line num="2" count="8" type="stmt"/>
        <line num="8" count="8" type="stmt"/>
        <line num="10" count="8" type="stmt"/>
        <line num="12" count="8" type="stmt"/>
        <line num="13" count="8" type="stmt"/>
        <line num="14" count="8" type="stmt"/>
        <line num="16" count="8" type="stmt"/>
      </file>
      <file name="recommendationRoutes.js" path="C:\Users\admin\Desktop\LibraryHub\Backend\src\routes\recommendationRoutes.js">
        <metrics statements="5" coveredstatements="5" conditionals="0" coveredconditionals="0" methods="0" coveredmethods="0"/>
        <line num="1" count="8" type="stmt"/>
        <line num="4" count="8" type="stmt"/>
        <line num="6" count="8" type="stmt"/>
        <line num="18" count="8" type="stmt"/>
        <line num="20" count="8" type="stmt"/>
      </file>
    </package>
  </project>
</coverage>
