{"C:\\Users\\admin\\Desktop\\LibraryHub\\Backend\\models\\book.js": {"path":"C:\\Users\\admin\\Desktop\\LibraryHub\\Backend\\models\\book.js","statementMap":{"0":{"start":{"line":4,"column":4},"end":{"line":4,"column":24}},"1":{"start":{"line":5,"column":0},"end":{"line":29,"column":2}},"2":{"start":{"line":13,"column":6},"end":{"line":16,"column":9}},"3":{"start":{"line":19,"column":2},"end":{"line":27,"column":5}},"4":{"start":{"line":28,"column":2},"end":{"line":28,"column":14}}},"fnMap":{"0":{"name":"(anonymous_0)","decl":{"start":{"line":5,"column":17},"end":{"line":5,"column":18}},"loc":{"start":{"line":5,"column":43},"end":{"line":29,"column":1}},"line":5},"1":{"name":"(anonymous_1)","decl":{"start":{"line":12,"column":4},"end":{"line":12,"column":5}},"loc":{"start":{"line":12,"column":29},"end":{"line":17,"column":5}},"line":12}},"branchMap":{},"s":{"0":8,"1":8,"2":8,"3":8,"4":8},"f":{"0":8,"1":8},"b":{},"_coverageSchema":"1a1c01bbd47fc00a2c39e90264f33305004495a9","hash":"d52144319f6c6f275d7b8c45c1365804fb2a9381"}
,"C:\\Users\\admin\\Desktop\\LibraryHub\\Backend\\models\\borrowrecord.js": {"path":"C:\\Users\\admin\\Desktop\\LibraryHub\\Backend\\models\\borrowrecord.js","statementMap":{"0":{"start":{"line":4,"column":4},"end":{"line":4,"column":24}},"1":{"start":{"line":5,"column":0},"end":{"line":40,"column":2}},"2":{"start":{"line":13,"column":6},"end":{"line":16,"column":9}},"3":{"start":{"line":18,"column":6},"end":{"line":21,"column":9}},"4":{"start":{"line":24,"column":2},"end":{"line":38,"column":5}},"5":{"start":{"line":39,"column":2},"end":{"line":39,"column":22}}},"fnMap":{"0":{"name":"(anonymous_0)","decl":{"start":{"line":5,"column":17},"end":{"line":5,"column":18}},"loc":{"start":{"line":5,"column":43},"end":{"line":40,"column":1}},"line":5},"1":{"name":"(anonymous_1)","decl":{"start":{"line":12,"column":4},"end":{"line":12,"column":5}},"loc":{"start":{"line":12,"column":29},"end":{"line":22,"column":5}},"line":12}},"branchMap":{},"s":{"0":8,"1":8,"2":8,"3":8,"4":8,"5":8},"f":{"0":8,"1":8},"b":{},"_coverageSchema":"1a1c01bbd47fc00a2c39e90264f33305004495a9","hash":"fa2cf5c23c12db68288e75e82fc6a1b841d6bc7b"}
,"C:\\Users\\admin\\Desktop\\LibraryHub\\Backend\\models\\index.js": {"path":"C:\\Users\\admin\\Desktop\\LibraryHub\\Backend\\models\\index.js","statementMap":{"0":{"start":{"line":3,"column":11},"end":{"line":3,"column":24}},"1":{"start":{"line":4,"column":13},"end":{"line":4,"column":28}},"2":{"start":{"line":5,"column":18},"end":{"line":5,"column":38}},"3":{"start":{"line":6,"column":16},"end":{"line":6,"column":34}},"4":{"start":{"line":7,"column":17},"end":{"line":7,"column":42}},"5":{"start":{"line":8,"column":12},"end":{"line":8,"column":49}},"6":{"start":{"line":9,"column":15},"end":{"line":9,"column":63}},"7":{"start":{"line":10,"column":11},"end":{"line":10,"column":13}},"8":{"start":{"line":13,"column":0},"end":{"line":17,"column":1}},"9":{"start":{"line":14,"column":2},"end":{"line":14,"column":74}},"10":{"start":{"line":16,"column":2},"end":{"line":16,"column":87}},"11":{"start":{"line":19,"column":0},"end":{"line":32,"column":5}},"12":{"start":{"line":22,"column":4},"end":{"line":27,"column":6}},"13":{"start":{"line":30,"column":18},"end":{"line":30,"column":85}},"14":{"start":{"line":31,"column":4},"end":{"line":31,"column":27}},"15":{"start":{"line":34,"column":0},"end":{"line":38,"column":3}},"16":{"start":{"line":35,"column":2},"end":{"line":37,"column":3}},"17":{"start":{"line":36,"column":4},"end":{"line":36,"column":32}},"18":{"start":{"line":40,"column":0},"end":{"line":40,"column":25}},"19":{"start":{"line":41,"column":0},"end":{"line":41,"column":25}},"20":{"start":{"line":43,"column":0},"end":{"line":43,"column":20}}},"fnMap":{"0":{"name":"(anonymous_0)","decl":{"start":{"line":21,"column":10},"end":{"line":21,"column":11}},"loc":{"start":{"line":21,"column":18},"end":{"line":28,"column":3}},"line":21},"1":{"name":"(anonymous_1)","decl":{"start":{"line":29,"column":11},"end":{"line":29,"column":12}},"loc":{"start":{"line":29,"column":19},"end":{"line":32,"column":3}},"line":29},"2":{"name":"(anonymous_2)","decl":{"start":{"line":34,"column":24},"end":{"line":34,"column":25}},"loc":{"start":{"line":34,"column":37},"end":{"line":38,"column":1}},"line":34}},"branchMap":{"0":{"loc":{"start":{"line":8,"column":12},"end":{"line":8,"column":49}},"type":"binary-expr","locations":[{"start":{"line":8,"column":12},"end":{"line":8,"column":32}},{"start":{"line":8,"column":36},"end":{"line":8,"column":49}}],"line":8},"1":{"loc":{"start":{"line":13,"column":0},"end":{"line":17,"column":1}},"type":"if","locations":[{"start":{"line":13,"column":0},"end":{"line":17,"column":1}},{"start":{"line":15,"column":7},"end":{"line":17,"column":1}}],"line":13},"2":{"loc":{"start":{"line":23,"column":6},"end":{"line":26,"column":37}},"type":"binary-expr","locations":[{"start":{"line":23,"column":6},"end":{"line":23,"column":29}},{"start":{"line":24,"column":6},"end":{"line":24,"column":23}},{"start":{"line":25,"column":6},"end":{"line":25,"column":30}},{"start":{"line":26,"column":6},"end":{"line":26,"column":37}}],"line":23},"3":{"loc":{"start":{"line":35,"column":2},"end":{"line":37,"column":3}},"type":"if","locations":[{"start":{"line":35,"column":2},"end":{"line":37,"column":3}},{"start":{},"end":{}}],"line":35}},"s":{"0":8,"1":8,"2":8,"3":8,"4":8,"5":8,"6":8,"7":8,"8":8,"9":0,"10":8,"11":8,"12":32,"13":24,"14":24,"15":8,"16":24,"17":24,"18":8,"19":8,"20":8},"f":{"0":32,"1":24,"2":24},"b":{"0":[8,0],"1":[0,8],"2":[32,32,24,24],"3":[24,0]},"_coverageSchema":"1a1c01bbd47fc00a2c39e90264f33305004495a9","hash":"dce39848cfe11d008cb94c073c1ecaae3254deb4"}
,"C:\\Users\\admin\\Desktop\\LibraryHub\\Backend\\models\\user.js": {"path":"C:\\Users\\admin\\Desktop\\LibraryHub\\Backend\\models\\user.js","statementMap":{"0":{"start":{"line":4,"column":4},"end":{"line":4,"column":24}},"1":{"start":{"line":5,"column":0},"end":{"line":30,"column":2}},"2":{"start":{"line":13,"column":6},"end":{"line":16,"column":9}},"3":{"start":{"line":20,"column":2},"end":{"line":28,"column":5}},"4":{"start":{"line":29,"column":2},"end":{"line":29,"column":14}}},"fnMap":{"0":{"name":"(anonymous_0)","decl":{"start":{"line":5,"column":17},"end":{"line":5,"column":18}},"loc":{"start":{"line":5,"column":43},"end":{"line":30,"column":1}},"line":5},"1":{"name":"(anonymous_1)","decl":{"start":{"line":12,"column":4},"end":{"line":12,"column":5}},"loc":{"start":{"line":12,"column":29},"end":{"line":17,"column":5}},"line":12}},"branchMap":{},"s":{"0":8,"1":8,"2":8,"3":8,"4":8},"f":{"0":8,"1":8},"b":{},"_coverageSchema":"1a1c01bbd47fc00a2c39e90264f33305004495a9","hash":"1cc7f402767cdb3bcbbec5f09c6399bf823f2b73"}
,"C:\\Users\\admin\\Desktop\\LibraryHub\\Backend\\src\\app.js": {"path":"C:\\Users\\admin\\Desktop\\LibraryHub\\Backend\\src\\app.js","statementMap":{"0":{"start":{"line":1,"column":16},"end":{"line":1,"column":34}},"1":{"start":{"line":2,"column":13},"end":{"line":2,"column":28}},"2":{"start":{"line":3,"column":18},"end":{"line":3,"column":47}},"3":{"start":{"line":5,"column":20},"end":{"line":5,"column":47}},"4":{"start":{"line":7,"column":19},"end":{"line":7,"column":49}},"5":{"start":{"line":8,"column":19},"end":{"line":8,"column":49}},"6":{"start":{"line":9,"column":21},"end":{"line":9,"column":53}},"7":{"start":{"line":10,"column":29},"end":{"line":10,"column":69}},"8":{"start":{"line":11,"column":20},"end":{"line":11,"column":51}},"9":{"start":{"line":13,"column":12},"end":{"line":13,"column":21}},"10":{"start":{"line":16,"column":0},"end":{"line":21,"column":2}},"11":{"start":{"line":23,"column":0},"end":{"line":23,"column":24}},"12":{"start":{"line":26,"column":0},"end":{"line":30,"column":3}},"13":{"start":{"line":27,"column":2},"end":{"line":29,"column":5}},"14":{"start":{"line":33,"column":0},"end":{"line":33,"column":33}},"15":{"start":{"line":34,"column":0},"end":{"line":34,"column":34}},"16":{"start":{"line":35,"column":0},"end":{"line":35,"column":37}},"17":{"start":{"line":36,"column":0},"end":{"line":36,"column":54}},"18":{"start":{"line":37,"column":0},"end":{"line":37,"column":35}},"19":{"start":{"line":40,"column":0},"end":{"line":40,"column":68}},"20":{"start":{"line":43,"column":0},"end":{"line":47,"column":3}},"21":{"start":{"line":44,"column":2},"end":{"line":46,"column":5}},"22":{"start":{"line":49,"column":0},"end":{"line":49,"column":21}}},"fnMap":{"0":{"name":"(anonymous_0)","decl":{"start":{"line":26,"column":13},"end":{"line":26,"column":14}},"loc":{"start":{"line":26,"column":27},"end":{"line":30,"column":1}},"line":26},"1":{"name":"(anonymous_1)","decl":{"start":{"line":43,"column":8},"end":{"line":43,"column":9}},"loc":{"start":{"line":43,"column":22},"end":{"line":47,"column":1}},"line":43}},"branchMap":{},"s":{"0":8,"1":8,"2":8,"3":8,"4":8,"5":8,"6":8,"7":8,"8":8,"9":8,"10":8,"11":8,"12":8,"13":1,"14":8,"15":8,"16":8,"17":8,"18":8,"19":8,"20":8,"21":0,"22":8},"f":{"0":1,"1":0},"b":{},"_coverageSchema":"1a1c01bbd47fc00a2c39e90264f33305004495a9","hash":"6adfc3a8b993183c68e00dfee77c9011ac2ba18e"}
,"C:\\Users\\admin\\Desktop\\LibraryHub\\Backend\\src\\controllers\\adminController.js": {"path":"C:\\Users\\admin\\Desktop\\LibraryHub\\Backend\\src\\controllers\\adminController.js","statementMap":{"0":{"start":{"line":1,"column":15},"end":{"line":1,"column":35}},"1":{"start":{"line":2,"column":37},"end":{"line":2,"column":60}},"2":{"start":{"line":6,"column":4},"end":{"line":6,"column":38}},"3":{"start":{"line":8,"column":19},"end":{"line":8,"column":20}},"4":{"start":{"line":9,"column":18},"end":{"line":9,"column":19}},"5":{"start":{"line":11,"column":22},"end":{"line":16,"column":1}},"6":{"start":{"line":12,"column":2},"end":{"line":12,"column":42}},"7":{"start":{"line":12,"column":24},"end":{"line":12,"column":42}},"8":{"start":{"line":13,"column":2},"end":{"line":13,"column":40}},"9":{"start":{"line":13,"column":23},"end":{"line":13,"column":40}},"10":{"start":{"line":15,"column":2},"end":{"line":15,"column":22}},"11":{"start":{"line":18,"column":17},"end":{"line":35,"column":1}},"12":{"start":{"line":19,"column":2},"end":{"line":34,"column":3}},"13":{"start":{"line":20,"column":18},"end":{"line":23,"column":6}},"14":{"start":{"line":25,"column":4},"end":{"line":31,"column":7}},"15":{"start":{"line":27,"column":33},"end":{"line":30,"column":7}},"16":{"start":{"line":33,"column":4},"end":{"line":33,"column":60}},"17":{"start":{"line":37,"column":23},"end":{"line":89,"column":1}},"18":{"start":{"line":38,"column":2},"end":{"line":88,"column":3}},"19":{"start":{"line":39,"column":21},"end":{"line":39,"column":29}},"20":{"start":{"line":41,"column":4},"end":{"line":43,"column":5}},"21":{"start":{"line":42,"column":6},"end":{"line":42,"column":67}},"22":{"start":{"line":45,"column":27},"end":{"line":45,"column":46}},"23":{"start":{"line":47,"column":4},"end":{"line":51,"column":5}},"24":{"start":{"line":48,"column":6},"end":{"line":50,"column":9}},"25":{"start":{"line":53,"column":4},"end":{"line":57,"column":5}},"26":{"start":{"line":54,"column":6},"end":{"line":56,"column":9}},"27":{"start":{"line":59,"column":17},"end":{"line":59,"column":51}},"28":{"start":{"line":61,"column":4},"end":{"line":63,"column":5}},"29":{"start":{"line":62,"column":6},"end":{"line":62,"column":65}},"30":{"start":{"line":65,"column":4},"end":{"line":69,"column":5}},"31":{"start":{"line":66,"column":6},"end":{"line":68,"column":9}},"32":{"start":{"line":71,"column":4},"end":{"line":73,"column":7}},"33":{"start":{"line":75,"column":4},"end":{"line":85,"column":7}},"34":{"start":{"line":87,"column":4},"end":{"line":87,"column":60}},"35":{"start":{"line":91,"column":26},"end":{"line":146,"column":1}},"36":{"start":{"line":92,"column":2},"end":{"line":145,"column":3}},"37":{"start":{"line":93,"column":16},"end":{"line":93,"column":26}},"38":{"start":{"line":104,"column":8},"end":{"line":124,"column":6}},"39":{"start":{"line":126,"column":35},"end":{"line":128,"column":9}},"40":{"start":{"line":127,"column":6},"end":{"line":127,"column":62}},"41":{"start":{"line":130,"column":4},"end":{"line":142,"column":7}},"42":{"start":{"line":144,"column":4},"end":{"line":144,"column":60}},"43":{"start":{"line":148,"column":28},"end":{"line":199,"column":1}},"44":{"start":{"line":149,"column":2},"end":{"line":198,"column":3}},"45":{"start":{"line":150,"column":16},"end":{"line":150,"column":26}},"46":{"start":{"line":152,"column":27},"end":{"line":172,"column":6}},"47":{"start":{"line":174,"column":17},"end":{"line":190,"column":6}},"48":{"start":{"line":175,"column":26},"end":{"line":175,"column":67}},"49":{"start":{"line":176,"column":25},"end":{"line":176,"column":65}},"50":{"start":{"line":177,"column":23},"end":{"line":177,"column":61}},"51":{"start":{"line":178,"column":24},"end":{"line":178,"column":48}},"52":{"start":{"line":179,"column":24},"end":{"line":179,"column":60}},"53":{"start":{"line":181,"column":6},"end":{"line":189,"column":8}},"54":{"start":{"line":192,"column":4},"end":{"line":195,"column":7}},"55":{"start":{"line":197,"column":4},"end":{"line":197,"column":60}},"56":{"start":{"line":201,"column":0},"end":{"line":206,"column":2}}},"fnMap":{"0":{"name":"(anonymous_0)","decl":{"start":{"line":11,"column":22},"end":{"line":11,"column":23}},"loc":{"start":{"line":11,"column":32},"end":{"line":16,"column":1}},"line":11},"1":{"name":"(anonymous_1)","decl":{"start":{"line":18,"column":17},"end":{"line":18,"column":18}},"loc":{"start":{"line":18,"column":37},"end":{"line":35,"column":1}},"line":18},"2":{"name":"(anonymous_2)","decl":{"start":{"line":27,"column":22},"end":{"line":27,"column":23}},"loc":{"start":{"line":27,"column":33},"end":{"line":30,"column":7}},"line":27},"3":{"name":"(anonymous_3)","decl":{"start":{"line":37,"column":23},"end":{"line":37,"column":24}},"loc":{"start":{"line":37,"column":43},"end":{"line":89,"column":1}},"line":37},"4":{"name":"(anonymous_4)","decl":{"start":{"line":91,"column":26},"end":{"line":91,"column":27}},"loc":{"start":{"line":91,"column":46},"end":{"line":146,"column":1}},"line":91},"5":{"name":"(anonymous_5)","decl":{"start":{"line":126,"column":57},"end":{"line":126,"column":58}},"loc":{"start":{"line":126,"column":76},"end":{"line":128,"column":5}},"line":126},"6":{"name":"(anonymous_6)","decl":{"start":{"line":148,"column":28},"end":{"line":148,"column":29}},"loc":{"start":{"line":148,"column":48},"end":{"line":199,"column":1}},"line":148},"7":{"name":"(anonymous_7)","decl":{"start":{"line":174,"column":36},"end":{"line":174,"column":37}},"loc":{"start":{"line":174,"column":48},"end":{"line":190,"column":5}},"line":174}},"branchMap":{"0":{"loc":{"start":{"line":12,"column":2},"end":{"line":12,"column":42}},"type":"if","locations":[{"start":{"line":12,"column":2},"end":{"line":12,"column":42}},{"start":{},"end":{}}],"line":12},"1":{"loc":{"start":{"line":13,"column":2},"end":{"line":13,"column":40}},"type":"if","locations":[{"start":{"line":13,"column":2},"end":{"line":13,"column":40}},{"start":{},"end":{}}],"line":13},"2":{"loc":{"start":{"line":41,"column":4},"end":{"line":43,"column":5}},"type":"if","locations":[{"start":{"line":41,"column":4},"end":{"line":43,"column":5}},{"start":{},"end":{}}],"line":41},"3":{"loc":{"start":{"line":41,"column":8},"end":{"line":41,"column":58}},"type":"binary-expr","locations":[{"start":{"line":41,"column":8},"end":{"line":41,"column":26}},{"start":{"line":41,"column":30},"end":{"line":41,"column":43}},{"start":{"line":41,"column":47},"end":{"line":41,"column":58}}],"line":41},"4":{"loc":{"start":{"line":47,"column":4},"end":{"line":51,"column":5}},"type":"if","locations":[{"start":{"line":47,"column":4},"end":{"line":51,"column":5}},{"start":{},"end":{}}],"line":47},"5":{"loc":{"start":{"line":47,"column":8},"end":{"line":47,"column":64}},"type":"binary-expr","locations":[{"start":{"line":47,"column":8},"end":{"line":47,"column":41}},{"start":{"line":47,"column":45},"end":{"line":47,"column":64}}],"line":47},"6":{"loc":{"start":{"line":53,"column":4},"end":{"line":57,"column":5}},"type":"if","locations":[{"start":{"line":53,"column":4},"end":{"line":57,"column":5}},{"start":{},"end":{}}],"line":53},"7":{"loc":{"start":{"line":61,"column":4},"end":{"line":63,"column":5}},"type":"if","locations":[{"start":{"line":61,"column":4},"end":{"line":63,"column":5}},{"start":{},"end":{}}],"line":61},"8":{"loc":{"start":{"line":65,"column":4},"end":{"line":69,"column":5}},"type":"if","locations":[{"start":{"line":65,"column":4},"end":{"line":69,"column":5}},{"start":{},"end":{}}],"line":65},"9":{"loc":{"start":{"line":135,"column":34},"end":{"line":135,"column":56}},"type":"binary-expr","locations":[{"start":{"line":135,"column":34},"end":{"line":135,"column":51}},{"start":{"line":135,"column":55},"end":{"line":135,"column":56}}],"line":135},"10":{"loc":{"start":{"line":140,"column":35},"end":{"line":140,"column":57}},"type":"binary-expr","locations":[{"start":{"line":140,"column":35},"end":{"line":140,"column":52}},{"start":{"line":140,"column":56},"end":{"line":140,"column":57}}],"line":140},"11":{"loc":{"start":{"line":177,"column":23},"end":{"line":177,"column":61}},"type":"binary-expr","locations":[{"start":{"line":177,"column":23},"end":{"line":177,"column":40}},{"start":{"line":177,"column":44},"end":{"line":177,"column":61}}],"line":177},"12":{"loc":{"start":{"line":178,"column":24},"end":{"line":178,"column":48}},"type":"binary-expr","locations":[{"start":{"line":178,"column":24},"end":{"line":178,"column":42}},{"start":{"line":178,"column":46},"end":{"line":178,"column":48}}],"line":178},"13":{"loc":{"start":{"line":179,"column":24},"end":{"line":179,"column":60}},"type":"binary-expr","locations":[{"start":{"line":179,"column":24},"end":{"line":179,"column":42}},{"start":{"line":179,"column":46},"end":{"line":179,"column":60}}],"line":179}},"s":{"0":8,"1":8,"2":8,"3":8,"4":8,"5":8,"6":8,"7":0,"8":8,"9":0,"10":8,"11":8,"12":1,"13":1,"14":1,"15":2,"16":0,"17":8,"18":3,"19":3,"20":3,"21":0,"22":3,"23":3,"24":0,"25":3,"26":1,"27":2,"28":2,"29":0,"30":2,"31":1,"32":1,"33":1,"34":0,"35":8,"36":1,"37":1,"38":1,"39":1,"40":1,"41":1,"42":0,"43":8,"44":1,"45":1,"46":1,"47":1,"48":1,"49":1,"50":1,"51":1,"52":1,"53":1,"54":1,"55":0,"56":8},"f":{"0":8,"1":1,"2":2,"3":3,"4":1,"5":1,"6":1,"7":1},"b":{"0":[0,8],"1":[0,8],"2":[0,3],"3":[3,3,3],"4":[0,3],"5":[3,3],"6":[1,2],"7":[0,2],"8":[1,1],"9":[1,0],"10":[1,0],"11":[1,0],"12":[1,0],"13":[1,0]},"_coverageSchema":"1a1c01bbd47fc00a2c39e90264f33305004495a9","hash":"2e23afd587c63a1246eabd2d083e31cf266fa64c"}
,"C:\\Users\\admin\\Desktop\\LibraryHub\\Backend\\src\\controllers\\authController.js": {"path":"C:\\Users\\admin\\Desktop\\LibraryHub\\Backend\\src\\controllers\\authController.js","statementMap":{"0":{"start":{"line":1,"column":15},"end":{"line":1,"column":32}},"1":{"start":{"line":2,"column":12},"end":{"line":2,"column":35}},"2":{"start":{"line":3,"column":17},"end":{"line":3,"column":40}},"3":{"start":{"line":5,"column":19},"end":{"line":5,"column":20}},"4":{"start":{"line":6,"column":18},"end":{"line":6,"column":19}},"5":{"start":{"line":8,"column":22},"end":{"line":13,"column":1}},"6":{"start":{"line":9,"column":2},"end":{"line":9,"column":42}},"7":{"start":{"line":9,"column":24},"end":{"line":9,"column":42}},"8":{"start":{"line":10,"column":2},"end":{"line":10,"column":40}},"9":{"start":{"line":10,"column":23},"end":{"line":10,"column":40}},"10":{"start":{"line":12,"column":2},"end":{"line":12,"column":22}},"11":{"start":{"line":15,"column":17},"end":{"line":44,"column":1}},"12":{"start":{"line":16,"column":2},"end":{"line":43,"column":3}},"13":{"start":{"line":17,"column":38},"end":{"line":17,"column":46}},"14":{"start":{"line":19,"column":4},"end":{"line":23,"column":5}},"15":{"start":{"line":20,"column":6},"end":{"line":22,"column":9}},"16":{"start":{"line":25,"column":25},"end":{"line":25,"column":65}},"17":{"start":{"line":27,"column":4},"end":{"line":29,"column":5}},"18":{"start":{"line":28,"column":6},"end":{"line":28,"column":71}},"19":{"start":{"line":31,"column":27},"end":{"line":31,"column":58}},"20":{"start":{"line":33,"column":4},"end":{"line":38,"column":7}},"21":{"start":{"line":40,"column":4},"end":{"line":40,"column":70}},"22":{"start":{"line":42,"column":4},"end":{"line":42,"column":60}},"23":{"start":{"line":46,"column":14},"end":{"line":86,"column":1}},"24":{"start":{"line":47,"column":2},"end":{"line":85,"column":3}},"25":{"start":{"line":48,"column":32},"end":{"line":48,"column":40}},"26":{"start":{"line":50,"column":17},"end":{"line":50,"column":57}},"27":{"start":{"line":52,"column":4},"end":{"line":54,"column":5}},"28":{"start":{"line":53,"column":6},"end":{"line":53,"column":76}},"29":{"start":{"line":56,"column":20},"end":{"line":56,"column":65}},"30":{"start":{"line":58,"column":4},"end":{"line":60,"column":5}},"31":{"start":{"line":59,"column":6},"end":{"line":59,"column":76}},"32":{"start":{"line":62,"column":17},"end":{"line":62,"column":41}},"33":{"start":{"line":64,"column":18},"end":{"line":71,"column":5}},"34":{"start":{"line":73,"column":4},"end":{"line":82,"column":7}},"35":{"start":{"line":84,"column":4},"end":{"line":84,"column":60}},"36":{"start":{"line":88,"column":14},"end":{"line":107,"column":1}},"37":{"start":{"line":89,"column":2},"end":{"line":106,"column":3}},"38":{"start":{"line":90,"column":17},"end":{"line":92,"column":6}},"39":{"start":{"line":94,"column":4},"end":{"line":96,"column":5}},"40":{"start":{"line":95,"column":6},"end":{"line":95,"column":65}},"41":{"start":{"line":98,"column":4},"end":{"line":103,"column":7}},"42":{"start":{"line":105,"column":4},"end":{"line":105,"column":60}},"43":{"start":{"line":109,"column":0},"end":{"line":113,"column":2}}},"fnMap":{"0":{"name":"(anonymous_0)","decl":{"start":{"line":8,"column":22},"end":{"line":8,"column":23}},"loc":{"start":{"line":8,"column":32},"end":{"line":13,"column":1}},"line":8},"1":{"name":"(anonymous_1)","decl":{"start":{"line":15,"column":17},"end":{"line":15,"column":18}},"loc":{"start":{"line":15,"column":37},"end":{"line":44,"column":1}},"line":15},"2":{"name":"(anonymous_2)","decl":{"start":{"line":46,"column":14},"end":{"line":46,"column":15}},"loc":{"start":{"line":46,"column":34},"end":{"line":86,"column":1}},"line":46},"3":{"name":"(anonymous_3)","decl":{"start":{"line":88,"column":14},"end":{"line":88,"column":15}},"loc":{"start":{"line":88,"column":34},"end":{"line":107,"column":1}},"line":88}},"branchMap":{"0":{"loc":{"start":{"line":9,"column":2},"end":{"line":9,"column":42}},"type":"if","locations":[{"start":{"line":9,"column":2},"end":{"line":9,"column":42}},{"start":{},"end":{}}],"line":9},"1":{"loc":{"start":{"line":10,"column":2},"end":{"line":10,"column":40}},"type":"if","locations":[{"start":{"line":10,"column":2},"end":{"line":10,"column":40}},{"start":{},"end":{}}],"line":10},"2":{"loc":{"start":{"line":19,"column":4},"end":{"line":23,"column":5}},"type":"if","locations":[{"start":{"line":19,"column":4},"end":{"line":23,"column":5}},{"start":{},"end":{}}],"line":19},"3":{"loc":{"start":{"line":19,"column":8},"end":{"line":19,"column":36}},"type":"binary-expr","locations":[{"start":{"line":19,"column":8},"end":{"line":19,"column":13}},{"start":{"line":19,"column":17},"end":{"line":19,"column":23}},{"start":{"line":19,"column":27},"end":{"line":19,"column":36}}],"line":19},"4":{"loc":{"start":{"line":27,"column":4},"end":{"line":29,"column":5}},"type":"if","locations":[{"start":{"line":27,"column":4},"end":{"line":29,"column":5}},{"start":{},"end":{}}],"line":27},"5":{"loc":{"start":{"line":52,"column":4},"end":{"line":54,"column":5}},"type":"if","locations":[{"start":{"line":52,"column":4},"end":{"line":54,"column":5}},{"start":{},"end":{}}],"line":52},"6":{"loc":{"start":{"line":58,"column":4},"end":{"line":60,"column":5}},"type":"if","locations":[{"start":{"line":58,"column":4},"end":{"line":60,"column":5}},{"start":{},"end":{}}],"line":58},"7":{"loc":{"start":{"line":69,"column":6},"end":{"line":69,"column":40}},"type":"binary-expr","locations":[{"start":{"line":69,"column":6},"end":{"line":69,"column":28}},{"start":{"line":69,"column":32},"end":{"line":69,"column":40}}],"line":69},"8":{"loc":{"start":{"line":94,"column":4},"end":{"line":96,"column":5}},"type":"if","locations":[{"start":{"line":94,"column":4},"end":{"line":96,"column":5}},{"start":{},"end":{}}],"line":94}},"s":{"0":8,"1":8,"2":8,"3":8,"4":8,"5":8,"6":2,"7":0,"8":2,"9":0,"10":2,"11":8,"12":6,"13":6,"14":6,"15":1,"16":5,"17":5,"18":1,"19":4,"20":4,"21":4,"22":0,"23":8,"24":3,"25":3,"26":3,"27":3,"28":1,"29":2,"30":2,"31":1,"32":1,"33":1,"34":1,"35":0,"36":8,"37":2,"38":2,"39":2,"40":1,"41":1,"42":0,"43":8},"f":{"0":2,"1":6,"2":3,"3":2},"b":{"0":[0,2],"1":[0,2],"2":[1,5],"3":[6,6,6],"4":[1,4],"5":[1,2],"6":[1,1],"7":[1,0],"8":[1,1]},"_coverageSchema":"1a1c01bbd47fc00a2c39e90264f33305004495a9","hash":"a5f0104fc1f58110d27a9115e7a9f1988dcc9ca5"}
,"C:\\Users\\admin\\Desktop\\LibraryHub\\Backend\\src\\controllers\\bookController.js": {"path":"C:\\Users\\admin\\Desktop\\LibraryHub\\Backend\\src\\controllers\\bookController.js","statementMap":{"0":{"start":{"line":1,"column":15},"end":{"line":1,"column":35}},"1":{"start":{"line":2,"column":17},"end":{"line":2,"column":40}},"2":{"start":{"line":4,"column":17},"end":{"line":17,"column":1}},"3":{"start":{"line":5,"column":2},"end":{"line":16,"column":3}},"4":{"start":{"line":6,"column":18},"end":{"line":8,"column":6}},"5":{"start":{"line":10,"column":4},"end":{"line":13,"column":7}},"6":{"start":{"line":15,"column":4},"end":{"line":15,"column":60}},"7":{"start":{"line":19,"column":20},"end":{"line":34,"column":1}},"8":{"start":{"line":20,"column":2},"end":{"line":33,"column":3}},"9":{"start":{"line":21,"column":17},"end":{"line":21,"column":51}},"10":{"start":{"line":23,"column":4},"end":{"line":25,"column":5}},"11":{"start":{"line":24,"column":6},"end":{"line":24,"column":65}},"12":{"start":{"line":27,"column":4},"end":{"line":30,"column":7}},"13":{"start":{"line":32,"column":4},"end":{"line":32,"column":60}},"14":{"start":{"line":36,"column":19},"end":{"line":58,"column":1}},"15":{"start":{"line":37,"column":2},"end":{"line":57,"column":3}},"16":{"start":{"line":38,"column":50},"end":{"line":38,"column":58}},"17":{"start":{"line":40,"column":4},"end":{"line":42,"column":5}},"18":{"start":{"line":41,"column":6},"end":{"line":41,"column":74}},"19":{"start":{"line":44,"column":17},"end":{"line":49,"column":6}},"20":{"start":{"line":51,"column":4},"end":{"line":54,"column":7}},"21":{"start":{"line":56,"column":4},"end":{"line":56,"column":60}},"22":{"start":{"line":60,"column":19},"end":{"line":77,"column":1}},"23":{"start":{"line":61,"column":2},"end":{"line":76,"column":3}},"24":{"start":{"line":62,"column":17},"end":{"line":62,"column":51}},"25":{"start":{"line":64,"column":4},"end":{"line":66,"column":5}},"26":{"start":{"line":65,"column":6},"end":{"line":65,"column":65}},"27":{"start":{"line":68,"column":4},"end":{"line":68,"column":32}},"28":{"start":{"line":70,"column":4},"end":{"line":73,"column":7}},"29":{"start":{"line":75,"column":4},"end":{"line":75,"column":60}},"30":{"start":{"line":79,"column":19},"end":{"line":95,"column":1}},"31":{"start":{"line":80,"column":2},"end":{"line":94,"column":3}},"32":{"start":{"line":81,"column":17},"end":{"line":81,"column":51}},"33":{"start":{"line":83,"column":4},"end":{"line":85,"column":5}},"34":{"start":{"line":84,"column":6},"end":{"line":84,"column":65}},"35":{"start":{"line":87,"column":4},"end":{"line":87,"column":25}},"36":{"start":{"line":89,"column":4},"end":{"line":91,"column":7}},"37":{"start":{"line":93,"column":4},"end":{"line":93,"column":60}},"38":{"start":{"line":97,"column":20},"end":{"line":125,"column":1}},"39":{"start":{"line":98,"column":2},"end":{"line":124,"column":3}},"40":{"start":{"line":99,"column":24},"end":{"line":99,"column":33}},"41":{"start":{"line":101,"column":4},"end":{"line":105,"column":5}},"42":{"start":{"line":102,"column":6},"end":{"line":104,"column":9}},"43":{"start":{"line":107,"column":18},"end":{"line":116,"column":6}},"44":{"start":{"line":118,"column":4},"end":{"line":121,"column":7}},"45":{"start":{"line":123,"column":4},"end":{"line":123,"column":60}},"46":{"start":{"line":127,"column":0},"end":{"line":134,"column":2}}},"fnMap":{"0":{"name":"(anonymous_0)","decl":{"start":{"line":4,"column":17},"end":{"line":4,"column":18}},"loc":{"start":{"line":4,"column":37},"end":{"line":17,"column":1}},"line":4},"1":{"name":"(anonymous_1)","decl":{"start":{"line":19,"column":20},"end":{"line":19,"column":21}},"loc":{"start":{"line":19,"column":40},"end":{"line":34,"column":1}},"line":19},"2":{"name":"(anonymous_2)","decl":{"start":{"line":36,"column":19},"end":{"line":36,"column":20}},"loc":{"start":{"line":36,"column":39},"end":{"line":58,"column":1}},"line":36},"3":{"name":"(anonymous_3)","decl":{"start":{"line":60,"column":19},"end":{"line":60,"column":20}},"loc":{"start":{"line":60,"column":39},"end":{"line":77,"column":1}},"line":60},"4":{"name":"(anonymous_4)","decl":{"start":{"line":79,"column":19},"end":{"line":79,"column":20}},"loc":{"start":{"line":79,"column":39},"end":{"line":95,"column":1}},"line":79},"5":{"name":"(anonymous_5)","decl":{"start":{"line":97,"column":20},"end":{"line":97,"column":21}},"loc":{"start":{"line":97,"column":40},"end":{"line":125,"column":1}},"line":97}},"branchMap":{"0":{"loc":{"start":{"line":23,"column":4},"end":{"line":25,"column":5}},"type":"if","locations":[{"start":{"line":23,"column":4},"end":{"line":25,"column":5}},{"start":{},"end":{}}],"line":23},"1":{"loc":{"start":{"line":40,"column":4},"end":{"line":42,"column":5}},"type":"if","locations":[{"start":{"line":40,"column":4},"end":{"line":42,"column":5}},{"start":{},"end":{}}],"line":40},"2":{"loc":{"start":{"line":40,"column":8},"end":{"line":40,"column":64}},"type":"binary-expr","locations":[{"start":{"line":40,"column":8},"end":{"line":40,"column":14}},{"start":{"line":40,"column":18},"end":{"line":40,"column":25}},{"start":{"line":40,"column":29},"end":{"line":40,"column":38}},{"start":{"line":40,"column":42},"end":{"line":40,"column":64}}],"line":40},"3":{"loc":{"start":{"line":64,"column":4},"end":{"line":66,"column":5}},"type":"if","locations":[{"start":{"line":64,"column":4},"end":{"line":66,"column":5}},{"start":{},"end":{}}],"line":64},"4":{"loc":{"start":{"line":83,"column":4},"end":{"line":85,"column":5}},"type":"if","locations":[{"start":{"line":83,"column":4},"end":{"line":85,"column":5}},{"start":{},"end":{}}],"line":83},"5":{"loc":{"start":{"line":101,"column":4},"end":{"line":105,"column":5}},"type":"if","locations":[{"start":{"line":101,"column":4},"end":{"line":105,"column":5}},{"start":{},"end":{}}],"line":101}},"s":{"0":8,"1":8,"2":8,"3":1,"4":1,"5":1,"6":0,"7":8,"8":2,"9":2,"10":2,"11":1,"12":1,"13":0,"14":8,"15":2,"16":2,"17":2,"18":1,"19":1,"20":1,"21":0,"22":8,"23":2,"24":2,"25":2,"26":1,"27":1,"28":1,"29":0,"30":8,"31":2,"32":2,"33":2,"34":1,"35":1,"36":1,"37":0,"38":8,"39":2,"40":2,"41":2,"42":1,"43":1,"44":1,"45":0,"46":8},"f":{"0":1,"1":2,"2":2,"3":2,"4":2,"5":2},"b":{"0":[1,1],"1":[1,1],"2":[2,2,2,1],"3":[1,1],"4":[1,1],"5":[1,1]},"_coverageSchema":"1a1c01bbd47fc00a2c39e90264f33305004495a9","hash":"5bbdb7e2daf8ee0ef3442691d02c4fe2160ef346"}
,"C:\\Users\\admin\\Desktop\\LibraryHub\\Backend\\src\\controllers\\borrowController.js": {"path":"C:\\Users\\admin\\Desktop\\LibraryHub\\Backend\\src\\controllers\\borrowController.js","statementMap":{"0":{"start":{"line":1,"column":42},"end":{"line":1,"column":65}},"1":{"start":{"line":6,"column":4},"end":{"line":6,"column":38}},"2":{"start":{"line":9,"column":2},"end":{"line":9,"column":79}},"3":{"start":{"line":11,"column":27},"end":{"line":20,"column":1}},"4":{"start":{"line":12,"column":2},"end":{"line":17,"column":3}},"5":{"start":{"line":13,"column":31},"end":{"line":13,"column":59}},"6":{"start":{"line":14,"column":20},"end":{"line":14,"column":40}},"7":{"start":{"line":15,"column":4},"end":{"line":15,"column":46}},"8":{"start":{"line":16,"column":4},"end":{"line":16,"column":19}},"9":{"start":{"line":19,"column":2},"end":{"line":19,"column":25}},"10":{"start":{"line":22,"column":23},"end":{"line":39,"column":1}},"11":{"start":{"line":23,"column":2},"end":{"line":25,"column":3}},"12":{"start":{"line":24,"column":4},"end":{"line":24,"column":37}},"13":{"start":{"line":27,"column":18},"end":{"line":27,"column":66}},"14":{"start":{"line":28,"column":21},"end":{"line":28,"column":46}},"15":{"start":{"line":30,"column":2},"end":{"line":36,"column":3}},"16":{"start":{"line":35,"column":4},"end":{"line":35,"column":16}},"17":{"start":{"line":38,"column":2},"end":{"line":38,"column":17}},"18":{"start":{"line":41,"column":34},"end":{"line":60,"column":1}},"19":{"start":{"line":42,"column":22},"end":{"line":42,"column":62}},"20":{"start":{"line":43,"column":19},"end":{"line":43,"column":71}},"21":{"start":{"line":44,"column":22},"end":{"line":44,"column":58}},"22":{"start":{"line":45,"column":22},"end":{"line":45,"column":76}},"23":{"start":{"line":46,"column":31},"end":{"line":46,"column":84}},"24":{"start":{"line":47,"column":27},"end":{"line":47,"column":62}},"25":{"start":{"line":49,"column":2},"end":{"line":59,"column":4}},"26":{"start":{"line":62,"column":19},"end":{"line":127,"column":1}},"27":{"start":{"line":63,"column":22},"end":{"line":63,"column":51}},"28":{"start":{"line":65,"column":2},"end":{"line":126,"column":3}},"29":{"start":{"line":66,"column":19},"end":{"line":66,"column":30}},"30":{"start":{"line":67,"column":50},"end":{"line":67,"column":58}},"31":{"start":{"line":69,"column":4},"end":{"line":72,"column":5}},"32":{"start":{"line":70,"column":6},"end":{"line":70,"column":35}},"33":{"start":{"line":71,"column":6},"end":{"line":71,"column":69}},"34":{"start":{"line":74,"column":17},"end":{"line":74,"column":61}},"35":{"start":{"line":76,"column":4},"end":{"line":79,"column":5}},"36":{"start":{"line":77,"column":6},"end":{"line":77,"column":35}},"37":{"start":{"line":78,"column":6},"end":{"line":78,"column":65}},"38":{"start":{"line":81,"column":4},"end":{"line":84,"column":5}},"39":{"start":{"line":82,"column":6},"end":{"line":82,"column":35}},"40":{"start":{"line":83,"column":6},"end":{"line":83,"column":70}},"41":{"start":{"line":86,"column":23},"end":{"line":86,"column":33}},"42":{"start":{"line":87,"column":20},"end":{"line":87,"column":64}},"43":{"start":{"line":89,"column":4},"end":{"line":92,"column":5}},"44":{"start":{"line":90,"column":6},"end":{"line":90,"column":35}},"45":{"start":{"line":91,"column":6},"end":{"line":91,"column":73}},"46":{"start":{"line":94,"column":4},"end":{"line":97,"column":6}},"47":{"start":{"line":99,"column":25},"end":{"line":110,"column":5}},"48":{"start":{"line":112,"column":4},"end":{"line":112,"column":31}},"49":{"start":{"line":114,"column":33},"end":{"line":114,"column":87}},"50":{"start":{"line":116,"column":4},"end":{"line":122,"column":7}},"51":{"start":{"line":124,"column":4},"end":{"line":124,"column":33}},"52":{"start":{"line":125,"column":4},"end":{"line":125,"column":60}},"53":{"start":{"line":129,"column":19},"end":{"line":194,"column":1}},"54":{"start":{"line":130,"column":22},"end":{"line":130,"column":51}},"55":{"start":{"line":132,"column":2},"end":{"line":193,"column":3}},"56":{"start":{"line":133,"column":19},"end":{"line":133,"column":30}},"57":{"start":{"line":134,"column":31},"end":{"line":134,"column":39}},"58":{"start":{"line":136,"column":4},"end":{"line":139,"column":5}},"59":{"start":{"line":137,"column":6},"end":{"line":137,"column":35}},"60":{"start":{"line":138,"column":6},"end":{"line":138,"column":77}},"61":{"start":{"line":141,"column":19},"end":{"line":141,"column":79}},"62":{"start":{"line":143,"column":4},"end":{"line":146,"column":5}},"63":{"start":{"line":144,"column":6},"end":{"line":144,"column":35}},"64":{"start":{"line":145,"column":6},"end":{"line":145,"column":74}},"65":{"start":{"line":148,"column":4},"end":{"line":151,"column":5}},"66":{"start":{"line":149,"column":6},"end":{"line":149,"column":35}},"67":{"start":{"line":150,"column":6},"end":{"line":150,"column":78}},"68":{"start":{"line":153,"column":4},"end":{"line":156,"column":5}},"69":{"start":{"line":154,"column":6},"end":{"line":154,"column":35}},"70":{"start":{"line":155,"column":6},"end":{"line":155,"column":72}},"71":{"start":{"line":158,"column":17},"end":{"line":158,"column":68}},"72":{"start":{"line":160,"column":4},"end":{"line":163,"column":5}},"73":{"start":{"line":161,"column":6},"end":{"line":161,"column":35}},"74":{"start":{"line":162,"column":6},"end":{"line":162,"column":65}},"75":{"start":{"line":165,"column":23},"end":{"line":165,"column":33}},"76":{"start":{"line":166,"column":23},"end":{"line":166,"column":70}},"77":{"start":{"line":168,"column":4},"end":{"line":175,"column":6}},"78":{"start":{"line":177,"column":4},"end":{"line":182,"column":6}},"79":{"start":{"line":184,"column":4},"end":{"line":184,"column":31}},"80":{"start":{"line":186,"column":4},"end":{"line":189,"column":7}},"81":{"start":{"line":191,"column":4},"end":{"line":191,"column":33}},"82":{"start":{"line":192,"column":4},"end":{"line":192,"column":60}},"83":{"start":{"line":196,"column":27},"end":{"line":223,"column":1}},"84":{"start":{"line":197,"column":2},"end":{"line":222,"column":3}},"85":{"start":{"line":198,"column":19},"end":{"line":198,"column":30}},"86":{"start":{"line":200,"column":20},"end":{"line":210,"column":6}},"87":{"start":{"line":212,"column":17},"end":{"line":212,"column":75}},"88":{"start":{"line":212,"column":41},"end":{"line":212,"column":74}},"89":{"start":{"line":214,"column":4},"end":{"line":217,"column":7}},"90":{"start":{"line":219,"column":4},"end":{"line":221,"column":7}},"91":{"start":{"line":225,"column":0},"end":{"line":229,"column":2}}},"fnMap":{"0":{"name":"(anonymous_0)","decl":{"start":{"line":11,"column":27},"end":{"line":11,"column":28}},"loc":{"start":{"line":11,"column":50},"end":{"line":20,"column":1}},"line":11},"1":{"name":"(anonymous_1)","decl":{"start":{"line":22,"column":23},"end":{"line":22,"column":24}},"loc":{"start":{"line":22,"column":57},"end":{"line":39,"column":1}},"line":22},"2":{"name":"(anonymous_2)","decl":{"start":{"line":41,"column":34},"end":{"line":41,"column":35}},"loc":{"start":{"line":41,"column":59},"end":{"line":60,"column":1}},"line":41},"3":{"name":"(anonymous_3)","decl":{"start":{"line":62,"column":19},"end":{"line":62,"column":20}},"loc":{"start":{"line":62,"column":39},"end":{"line":127,"column":1}},"line":62},"4":{"name":"(anonymous_4)","decl":{"start":{"line":129,"column":19},"end":{"line":129,"column":20}},"loc":{"start":{"line":129,"column":39},"end":{"line":194,"column":1}},"line":129},"5":{"name":"(anonymous_5)","decl":{"start":{"line":196,"column":27},"end":{"line":196,"column":28}},"loc":{"start":{"line":196,"column":47},"end":{"line":223,"column":1}},"line":196},"6":{"name":"(anonymous_6)","decl":{"start":{"line":212,"column":29},"end":{"line":212,"column":30}},"loc":{"start":{"line":212,"column":41},"end":{"line":212,"column":74}},"line":212}},"branchMap":{"0":{"loc":{"start":{"line":12,"column":2},"end":{"line":17,"column":3}},"type":"if","locations":[{"start":{"line":12,"column":2},"end":{"line":17,"column":3}},{"start":{},"end":{}}],"line":12},"1":{"loc":{"start":{"line":12,"column":6},"end":{"line":12,"column":68}},"type":"binary-expr","locations":[{"start":{"line":12,"column":6},"end":{"line":12,"column":31}},{"start":{"line":12,"column":35},"end":{"line":12,"column":68}}],"line":12},"2":{"loc":{"start":{"line":23,"column":2},"end":{"line":25,"column":3}},"type":"if","locations":[{"start":{"line":23,"column":2},"end":{"line":25,"column":3}},{"start":{},"end":{}}],"line":23},"3":{"loc":{"start":{"line":30,"column":2},"end":{"line":36,"column":3}},"type":"if","locations":[{"start":{"line":30,"column":2},"end":{"line":36,"column":3}},{"start":{},"end":{}}],"line":30},"4":{"loc":{"start":{"line":31,"column":4},"end":{"line":33,"column":24}},"type":"binary-expr","locations":[{"start":{"line":31,"column":4},"end":{"line":31,"column":35}},{"start":{"line":32,"column":4},"end":{"line":32,"column":25}},{"start":{"line":33,"column":4},"end":{"line":33,"column":24}}],"line":31},"5":{"loc":{"start":{"line":41,"column":43},"end":{"line":41,"column":54}},"type":"default-arg","locations":[{"start":{"line":41,"column":50},"end":{"line":41,"column":54}}],"line":41},"6":{"loc":{"start":{"line":42,"column":22},"end":{"line":42,"column":62}},"type":"cond-expr","locations":[{"start":{"line":42,"column":38},"end":{"line":42,"column":53}},{"start":{"line":42,"column":56},"end":{"line":42,"column":62}}],"line":42},"7":{"loc":{"start":{"line":43,"column":19},"end":{"line":43,"column":71}},"type":"binary-expr","locations":[{"start":{"line":43,"column":19},"end":{"line":43,"column":23}},{"start":{"line":43,"column":27},"end":{"line":43,"column":43}},{"start":{"line":43,"column":47},"end":{"line":43,"column":63}},{"start":{"line":43,"column":67},"end":{"line":43,"column":71}}],"line":43},"8":{"loc":{"start":{"line":44,"column":22},"end":{"line":44,"column":58}},"type":"binary-expr","locations":[{"start":{"line":44,"column":22},"end":{"line":44,"column":44}},{"start":{"line":44,"column":48},"end":{"line":44,"column":58}}],"line":44},"9":{"loc":{"start":{"line":47,"column":34},"end":{"line":47,"column":61}},"type":"binary-expr","locations":[{"start":{"line":47,"column":34},"end":{"line":47,"column":56}},{"start":{"line":47,"column":60},"end":{"line":47,"column":61}}],"line":47},"10":{"loc":{"start":{"line":56,"column":6},"end":{"line":58,"column":30}},"type":"cond-expr","locations":[{"start":{"line":57,"column":10},"end":{"line":57,"column":26}},{"start":{"line":58,"column":10},"end":{"line":58,"column":30}}],"line":56},"11":{"loc":{"start":{"line":69,"column":4},"end":{"line":72,"column":5}},"type":"if","locations":[{"start":{"line":69,"column":4},"end":{"line":72,"column":5}},{"start":{},"end":{}}],"line":69},"12":{"loc":{"start":{"line":76,"column":4},"end":{"line":79,"column":5}},"type":"if","locations":[{"start":{"line":76,"column":4},"end":{"line":79,"column":5}},{"start":{},"end":{}}],"line":76},"13":{"loc":{"start":{"line":81,"column":4},"end":{"line":84,"column":5}},"type":"if","locations":[{"start":{"line":81,"column":4},"end":{"line":84,"column":5}},{"start":{},"end":{}}],"line":81},"14":{"loc":{"start":{"line":89,"column":4},"end":{"line":92,"column":5}},"type":"if","locations":[{"start":{"line":89,"column":4},"end":{"line":92,"column":5}},{"start":{},"end":{}}],"line":89},"15":{"loc":{"start":{"line":136,"column":4},"end":{"line":139,"column":5}},"type":"if","locations":[{"start":{"line":136,"column":4},"end":{"line":139,"column":5}},{"start":{},"end":{}}],"line":136},"16":{"loc":{"start":{"line":143,"column":4},"end":{"line":146,"column":5}},"type":"if","locations":[{"start":{"line":143,"column":4},"end":{"line":146,"column":5}},{"start":{},"end":{}}],"line":143},"17":{"loc":{"start":{"line":148,"column":4},"end":{"line":151,"column":5}},"type":"if","locations":[{"start":{"line":148,"column":4},"end":{"line":151,"column":5}},{"start":{},"end":{}}],"line":148},"18":{"loc":{"start":{"line":153,"column":4},"end":{"line":156,"column":5}},"type":"if","locations":[{"start":{"line":153,"column":4},"end":{"line":156,"column":5}},{"start":{},"end":{}}],"line":153},"19":{"loc":{"start":{"line":160,"column":4},"end":{"line":163,"column":5}},"type":"if","locations":[{"start":{"line":160,"column":4},"end":{"line":163,"column":5}},{"start":{},"end":{}}],"line":160},"20":{"loc":{"start":{"line":220,"column":15},"end":{"line":220,"column":59}},"type":"binary-expr","locations":[{"start":{"line":220,"column":15},"end":{"line":220,"column":28}},{"start":{"line":220,"column":32},"end":{"line":220,"column":59}}],"line":220}},"s":{"0":8,"1":8,"2":8,"3":8,"4":4,"5":4,"6":4,"7":4,"8":4,"9":0,"10":8,"11":5,"12":1,"13":4,"14":4,"15":4,"16":3,"17":1,"18":8,"19":7,"20":7,"21":7,"22":7,"23":7,"24":7,"25":7,"26":8,"27":8,"28":8,"29":8,"30":8,"31":8,"32":1,"33":1,"34":7,"35":7,"36":1,"37":1,"38":6,"39":1,"40":1,"41":5,"42":5,"43":5,"44":3,"45":3,"46":2,"47":2,"48":2,"49":2,"50":2,"51":0,"52":0,"53":8,"54":6,"55":6,"56":6,"57":6,"58":6,"59":1,"60":1,"61":5,"62":5,"63":1,"64":1,"65":4,"66":1,"67":1,"68":3,"69":1,"70":1,"71":2,"72":2,"73":0,"74":0,"75":2,"76":2,"77":2,"78":2,"79":2,"80":2,"81":0,"82":0,"83":8,"84":2,"85":2,"86":2,"87":2,"88":3,"89":2,"90":0,"91":8},"f":{"0":4,"1":5,"2":7,"3":8,"4":6,"5":2,"6":3},"b":{"0":[4,0],"1":[4,4],"2":[1,4],"3":[3,1],"4":[4,4,2],"5":[5],"6":[7,0],"7":[7,5,5,2],"8":[7,5],"9":[7,6],"10":[2,5],"11":[1,7],"12":[1,6],"13":[1,5],"14":[3,2],"15":[1,5],"16":[1,4],"17":[1,3],"18":[1,2],"19":[0,2],"20":[0,0]},"_coverageSchema":"1a1c01bbd47fc00a2c39e90264f33305004495a9","hash":"0b216d03cf7e9db4e031e61f21fa16f3a593dc4c"}
,"C:\\Users\\admin\\Desktop\\LibraryHub\\Backend\\src\\controllers\\recommendationController.js": {"path":"C:\\Users\\admin\\Desktop\\LibraryHub\\Backend\\src\\controllers\\recommendationController.js","statementMap":{"0":{"start":{"line":1,"column":14},"end":{"line":1,"column":30}},"1":{"start":{"line":3,"column":27},"end":{"line":17,"column":1}},"2":{"start":{"line":4,"column":2},"end":{"line":16,"column":3}},"3":{"start":{"line":6,"column":6},"end":{"line":6,"column":59}},"4":{"start":{"line":8,"column":21},"end":{"line":8,"column":75}},"5":{"start":{"line":10,"column":4},"end":{"line":10,"column":47}},"6":{"start":{"line":12,"column":4},"end":{"line":15,"column":7}},"7":{"start":{"line":19,"column":0},"end":{"line":21,"column":2}}},"fnMap":{"0":{"name":"(anonymous_0)","decl":{"start":{"line":3,"column":27},"end":{"line":3,"column":28}},"loc":{"start":{"line":3,"column":47},"end":{"line":17,"column":1}},"line":3}},"branchMap":{"0":{"loc":{"start":{"line":6,"column":6},"end":{"line":6,"column":59}},"type":"binary-expr","locations":[{"start":{"line":6,"column":6},"end":{"line":6,"column":32}},{"start":{"line":6,"column":36},"end":{"line":6,"column":59}}],"line":6}},"s":{"0":8,"1":8,"2":1,"3":1,"4":1,"5":1,"6":0,"7":8},"f":{"0":1},"b":{"0":[1,0]},"_coverageSchema":"1a1c01bbd47fc00a2c39e90264f33305004495a9","hash":"d6accecc4440b369559281dcca603922fb07fdfe"}
,"C:\\Users\\admin\\Desktop\\LibraryHub\\Backend\\src\\middlewares\\authMiddleware.js": {"path":"C:\\Users\\admin\\Desktop\\LibraryHub\\Backend\\src\\middlewares\\authMiddleware.js","statementMap":{"0":{"start":{"line":1,"column":12},"end":{"line":1,"column":35}},"1":{"start":{"line":3,"column":23},"end":{"line":28,"column":1}},"2":{"start":{"line":4,"column":2},"end":{"line":27,"column":3}},"3":{"start":{"line":5,"column":23},"end":{"line":5,"column":48}},"4":{"start":{"line":7,"column":4},"end":{"line":9,"column":5}},"5":{"start":{"line":8,"column":6},"end":{"line":8,"column":68}},"6":{"start":{"line":11,"column":18},"end":{"line":11,"column":42}},"7":{"start":{"line":13,"column":4},"end":{"line":15,"column":5}},"8":{"start":{"line":14,"column":6},"end":{"line":14,"column":71}},"9":{"start":{"line":17,"column":20},"end":{"line":17,"column":73}},"10":{"start":{"line":19,"column":4},"end":{"line":22,"column":6}},"11":{"start":{"line":24,"column":4},"end":{"line":24,"column":11}},"12":{"start":{"line":26,"column":4},"end":{"line":26,"column":61}},"13":{"start":{"line":30,"column":21},"end":{"line":36,"column":1}},"14":{"start":{"line":31,"column":2},"end":{"line":33,"column":3}},"15":{"start":{"line":32,"column":4},"end":{"line":32,"column":74}},"16":{"start":{"line":35,"column":2},"end":{"line":35,"column":9}},"17":{"start":{"line":38,"column":0},"end":{"line":41,"column":2}}},"fnMap":{"0":{"name":"(anonymous_0)","decl":{"start":{"line":3,"column":23},"end":{"line":3,"column":24}},"loc":{"start":{"line":3,"column":43},"end":{"line":28,"column":1}},"line":3},"1":{"name":"(anonymous_1)","decl":{"start":{"line":30,"column":21},"end":{"line":30,"column":22}},"loc":{"start":{"line":30,"column":41},"end":{"line":36,"column":1}},"line":30}},"branchMap":{"0":{"loc":{"start":{"line":7,"column":4},"end":{"line":9,"column":5}},"type":"if","locations":[{"start":{"line":7,"column":4},"end":{"line":9,"column":5}},{"start":{},"end":{}}],"line":7},"1":{"loc":{"start":{"line":13,"column":4},"end":{"line":15,"column":5}},"type":"if","locations":[{"start":{"line":13,"column":4},"end":{"line":15,"column":5}},{"start":{},"end":{}}],"line":13},"2":{"loc":{"start":{"line":17,"column":38},"end":{"line":17,"column":72}},"type":"binary-expr","locations":[{"start":{"line":17,"column":38},"end":{"line":17,"column":60}},{"start":{"line":17,"column":64},"end":{"line":17,"column":72}}],"line":17},"3":{"loc":{"start":{"line":31,"column":2},"end":{"line":33,"column":3}},"type":"if","locations":[{"start":{"line":31,"column":2},"end":{"line":33,"column":3}},{"start":{},"end":{}}],"line":31}},"s":{"0":8,"1":8,"2":39,"3":39,"4":39,"5":3,"6":36,"7":36,"8":1,"9":35,"10":34,"11":34,"12":1,"13":8,"14":16,"15":3,"16":13,"17":8},"f":{"0":39,"1":16},"b":{"0":[3,36],"1":[1,35],"2":[35,0],"3":[3,13]},"_coverageSchema":"1a1c01bbd47fc00a2c39e90264f33305004495a9","hash":"db4f531a3034ae9aa220636adcfc00e47944606b"}
,"C:\\Users\\admin\\Desktop\\LibraryHub\\Backend\\src\\routes\\adminRoutes.js": {"path":"C:\\Users\\admin\\Desktop\\LibraryHub\\Backend\\src\\routes\\adminRoutes.js","statementMap":{"0":{"start":{"line":1,"column":16},"end":{"line":1,"column":34}},"1":{"start":{"line":7,"column":4},"end":{"line":7,"column":45}},"2":{"start":{"line":8,"column":41},"end":{"line":8,"column":81}},"3":{"start":{"line":10,"column":15},"end":{"line":10,"column":31}},"4":{"start":{"line":12,"column":0},"end":{"line":16,"column":3}},"5":{"start":{"line":13,"column":2},"end":{"line":15,"column":5}},"6":{"start":{"line":18,"column":0},"end":{"line":18,"column":61}},"7":{"start":{"line":20,"column":0},"end":{"line":20,"column":80}},"8":{"start":{"line":22,"column":0},"end":{"line":22,"column":84}},"9":{"start":{"line":24,"column":0},"end":{"line":24,"column":78}},"10":{"start":{"line":26,"column":0},"end":{"line":26,"column":24}}},"fnMap":{"0":{"name":"(anonymous_0)","decl":{"start":{"line":12,"column":50},"end":{"line":12,"column":51}},"loc":{"start":{"line":12,"column":64},"end":{"line":16,"column":1}},"line":12}},"branchMap":{},"s":{"0":8,"1":8,"2":8,"3":8,"4":8,"5":1,"6":8,"7":8,"8":8,"9":8,"10":8},"f":{"0":1},"b":{},"_coverageSchema":"1a1c01bbd47fc00a2c39e90264f33305004495a9","hash":"5cddab587bb3a136bd96c5ef5a99b949fdebe7ec"}
,"C:\\Users\\admin\\Desktop\\LibraryHub\\Backend\\src\\routes\\authRoutes.js": {"path":"C:\\Users\\admin\\Desktop\\LibraryHub\\Backend\\src\\routes\\authRoutes.js","statementMap":{"0":{"start":{"line":1,"column":16},"end":{"line":1,"column":34}},"1":{"start":{"line":2,"column":35},"end":{"line":2,"column":75}},"2":{"start":{"line":3,"column":27},"end":{"line":3,"column":67}},"3":{"start":{"line":5,"column":15},"end":{"line":5,"column":31}},"4":{"start":{"line":30,"column":0},"end":{"line":30,"column":35}},"5":{"start":{"line":53,"column":0},"end":{"line":53,"column":29}},"6":{"start":{"line":55,"column":0},"end":{"line":55,"column":41}},"7":{"start":{"line":57,"column":0},"end":{"line":57,"column":24}}},"fnMap":{},"branchMap":{},"s":{"0":8,"1":8,"2":8,"3":8,"4":8,"5":8,"6":8,"7":8},"f":{},"b":{},"_coverageSchema":"1a1c01bbd47fc00a2c39e90264f33305004495a9","hash":"bc0fe4df0ffbf3d25eae466d56c588910d5c067f"}
,"C:\\Users\\admin\\Desktop\\LibraryHub\\Backend\\src\\routes\\bookRoutes.js": {"path":"C:\\Users\\admin\\Desktop\\LibraryHub\\Backend\\src\\routes\\bookRoutes.js","statementMap":{"0":{"start":{"line":1,"column":16},"end":{"line":1,"column":34}},"1":{"start":{"line":9,"column":4},"end":{"line":9,"column":44}},"2":{"start":{"line":11,"column":41},"end":{"line":11,"column":81}},"3":{"start":{"line":13,"column":15},"end":{"line":13,"column":31}},"4":{"start":{"line":25,"column":0},"end":{"line":25,"column":26}},"5":{"start":{"line":42,"column":0},"end":{"line":42,"column":35}},"6":{"start":{"line":60,"column":0},"end":{"line":60,"column":32}},"7":{"start":{"line":89,"column":0},"end":{"line":89,"column":59}},"8":{"start":{"line":109,"column":0},"end":{"line":109,"column":61}},"9":{"start":{"line":129,"column":0},"end":{"line":129,"column":64}},"10":{"start":{"line":131,"column":0},"end":{"line":131,"column":24}}},"fnMap":{},"branchMap":{},"s":{"0":8,"1":8,"2":8,"3":8,"4":8,"5":8,"6":8,"7":8,"8":8,"9":8,"10":8},"f":{},"b":{},"_coverageSchema":"1a1c01bbd47fc00a2c39e90264f33305004495a9","hash":"4157aad690dcafa534d104146356d8b7fd234edb"}
,"C:\\Users\\admin\\Desktop\\LibraryHub\\Backend\\src\\routes\\borrowRoutes.js": {"path":"C:\\Users\\admin\\Desktop\\LibraryHub\\Backend\\src\\routes\\borrowRoutes.js","statementMap":{"0":{"start":{"line":1,"column":16},"end":{"line":1,"column":34}},"1":{"start":{"line":2,"column":15},"end":{"line":2,"column":31}},"2":{"start":{"line":8,"column":4},"end":{"line":8,"column":46}},"3":{"start":{"line":10,"column":27},"end":{"line":10,"column":67}},"4":{"start":{"line":12,"column":0},"end":{"line":12,"column":45}},"5":{"start":{"line":13,"column":0},"end":{"line":13,"column":51}},"6":{"start":{"line":14,"column":0},"end":{"line":14,"column":59}},"7":{"start":{"line":16,"column":0},"end":{"line":16,"column":24}}},"fnMap":{},"branchMap":{},"s":{"0":8,"1":8,"2":8,"3":8,"4":8,"5":8,"6":8,"7":8},"f":{},"b":{},"_coverageSchema":"1a1c01bbd47fc00a2c39e90264f33305004495a9","hash":"a6d5b0ea9aa2689bac0f4dd8d14bac835b97b5cd"}
,"C:\\Users\\admin\\Desktop\\LibraryHub\\Backend\\src\\routes\\recommendationRoutes.js": {"path":"C:\\Users\\admin\\Desktop\\LibraryHub\\Backend\\src\\routes\\recommendationRoutes.js","statementMap":{"0":{"start":{"line":1,"column":16},"end":{"line":1,"column":34}},"1":{"start":{"line":4,"column":4},"end":{"line":4,"column":54}},"2":{"start":{"line":6,"column":15},"end":{"line":6,"column":31}},"3":{"start":{"line":18,"column":0},"end":{"line":18,"column":36}},"4":{"start":{"line":20,"column":0},"end":{"line":20,"column":24}}},"fnMap":{},"branchMap":{},"s":{"0":8,"1":8,"2":8,"3":8,"4":8},"f":{},"b":{},"_coverageSchema":"1a1c01bbd47fc00a2c39e90264f33305004495a9","hash":"6303e847c36f045eef16c2718262580c7d59df90"}
}
