{"C:\\Users\\admin\\Desktop\\LibraryHub\\Backend\\models\\book.js": {"path":"C:\\Users\\admin\\Desktop\\LibraryHub\\Backend\\models\\book.js","statementMap":{"0":{"start":{"line":4,"column":4},"end":{"line":4,"column":24}},"1":{"start":{"line":5,"column":0},"end":{"line":29,"column":2}},"2":{"start":{"line":13,"column":6},"end":{"line":16,"column":9}},"3":{"start":{"line":19,"column":2},"end":{"line":27,"column":5}},"4":{"start":{"line":28,"column":2},"end":{"line":28,"column":14}}},"fnMap":{"0":{"name":"(anonymous_0)","decl":{"start":{"line":5,"column":17},"end":{"line":5,"column":18}},"loc":{"start":{"line":5,"column":43},"end":{"line":29,"column":1}},"line":5},"1":{"name":"(anonymous_1)","decl":{"start":{"line":12,"column":4},"end":{"line":12,"column":5}},"loc":{"start":{"line":12,"column":29},"end":{"line":17,"column":5}},"line":12}},"branchMap":{},"s":{"0":6,"1":6,"2":6,"3":6,"4":6},"f":{"0":6,"1":6},"b":{},"_coverageSchema":"1a1c01bbd47fc00a2c39e90264f33305004495a9","hash":"d52144319f6c6f275d7b8c45c1365804fb2a9381"}
,"C:\\Users\\admin\\Desktop\\LibraryHub\\Backend\\models\\borrowrecord.js": {"path":"C:\\Users\\admin\\Desktop\\LibraryHub\\Backend\\models\\borrowrecord.js","statementMap":{"0":{"start":{"line":4,"column":4},"end":{"line":4,"column":24}},"1":{"start":{"line":5,"column":0},"end":{"line":35,"column":2}},"2":{"start":{"line":13,"column":6},"end":{"line":16,"column":9}},"3":{"start":{"line":18,"column":6},"end":{"line":21,"column":9}},"4":{"start":{"line":24,"column":2},"end":{"line":33,"column":5}},"5":{"start":{"line":34,"column":2},"end":{"line":34,"column":22}}},"fnMap":{"0":{"name":"(anonymous_0)","decl":{"start":{"line":5,"column":17},"end":{"line":5,"column":18}},"loc":{"start":{"line":5,"column":43},"end":{"line":35,"column":1}},"line":5},"1":{"name":"(anonymous_1)","decl":{"start":{"line":12,"column":4},"end":{"line":12,"column":5}},"loc":{"start":{"line":12,"column":29},"end":{"line":22,"column":5}},"line":12}},"branchMap":{},"s":{"0":6,"1":6,"2":6,"3":6,"4":6,"5":6},"f":{"0":6,"1":6},"b":{},"_coverageSchema":"1a1c01bbd47fc00a2c39e90264f33305004495a9","hash":"1146e668a122105691e44c4d49b244856dab168b"}
,"C:\\Users\\admin\\Desktop\\LibraryHub\\Backend\\models\\index.js": {"path":"C:\\Users\\admin\\Desktop\\LibraryHub\\Backend\\models\\index.js","statementMap":{"0":{"start":{"line":3,"column":11},"end":{"line":3,"column":24}},"1":{"start":{"line":4,"column":13},"end":{"line":4,"column":28}},"2":{"start":{"line":5,"column":18},"end":{"line":5,"column":38}},"3":{"start":{"line":6,"column":16},"end":{"line":6,"column":34}},"4":{"start":{"line":7,"column":17},"end":{"line":7,"column":42}},"5":{"start":{"line":8,"column":12},"end":{"line":8,"column":49}},"6":{"start":{"line":9,"column":15},"end":{"line":9,"column":63}},"7":{"start":{"line":10,"column":11},"end":{"line":10,"column":13}},"8":{"start":{"line":13,"column":0},"end":{"line":17,"column":1}},"9":{"start":{"line":14,"column":2},"end":{"line":14,"column":74}},"10":{"start":{"line":16,"column":2},"end":{"line":16,"column":87}},"11":{"start":{"line":19,"column":0},"end":{"line":32,"column":5}},"12":{"start":{"line":22,"column":4},"end":{"line":27,"column":6}},"13":{"start":{"line":30,"column":18},"end":{"line":30,"column":85}},"14":{"start":{"line":31,"column":4},"end":{"line":31,"column":27}},"15":{"start":{"line":34,"column":0},"end":{"line":38,"column":3}},"16":{"start":{"line":35,"column":2},"end":{"line":37,"column":3}},"17":{"start":{"line":36,"column":4},"end":{"line":36,"column":32}},"18":{"start":{"line":40,"column":0},"end":{"line":40,"column":25}},"19":{"start":{"line":41,"column":0},"end":{"line":41,"column":25}},"20":{"start":{"line":43,"column":0},"end":{"line":43,"column":20}}},"fnMap":{"0":{"name":"(anonymous_0)","decl":{"start":{"line":21,"column":10},"end":{"line":21,"column":11}},"loc":{"start":{"line":21,"column":18},"end":{"line":28,"column":3}},"line":21},"1":{"name":"(anonymous_1)","decl":{"start":{"line":29,"column":11},"end":{"line":29,"column":12}},"loc":{"start":{"line":29,"column":19},"end":{"line":32,"column":3}},"line":29},"2":{"name":"(anonymous_2)","decl":{"start":{"line":34,"column":24},"end":{"line":34,"column":25}},"loc":{"start":{"line":34,"column":37},"end":{"line":38,"column":1}},"line":34}},"branchMap":{"0":{"loc":{"start":{"line":8,"column":12},"end":{"line":8,"column":49}},"type":"binary-expr","locations":[{"start":{"line":8,"column":12},"end":{"line":8,"column":32}},{"start":{"line":8,"column":36},"end":{"line":8,"column":49}}],"line":8},"1":{"loc":{"start":{"line":13,"column":0},"end":{"line":17,"column":1}},"type":"if","locations":[{"start":{"line":13,"column":0},"end":{"line":17,"column":1}},{"start":{"line":15,"column":7},"end":{"line":17,"column":1}}],"line":13},"2":{"loc":{"start":{"line":23,"column":6},"end":{"line":26,"column":37}},"type":"binary-expr","locations":[{"start":{"line":23,"column":6},"end":{"line":23,"column":29}},{"start":{"line":24,"column":6},"end":{"line":24,"column":23}},{"start":{"line":25,"column":6},"end":{"line":25,"column":30}},{"start":{"line":26,"column":6},"end":{"line":26,"column":37}}],"line":23},"3":{"loc":{"start":{"line":35,"column":2},"end":{"line":37,"column":3}},"type":"if","locations":[{"start":{"line":35,"column":2},"end":{"line":37,"column":3}},{"start":{},"end":{}}],"line":35}},"s":{"0":6,"1":6,"2":6,"3":6,"4":6,"5":6,"6":6,"7":6,"8":6,"9":0,"10":6,"11":6,"12":24,"13":18,"14":18,"15":6,"16":18,"17":18,"18":6,"19":6,"20":6},"f":{"0":24,"1":18,"2":18},"b":{"0":[6,0],"1":[0,6],"2":[24,24,18,18],"3":[18,0]},"_coverageSchema":"1a1c01bbd47fc00a2c39e90264f33305004495a9","hash":"dce39848cfe11d008cb94c073c1ecaae3254deb4"}
,"C:\\Users\\admin\\Desktop\\LibraryHub\\Backend\\models\\user.js": {"path":"C:\\Users\\admin\\Desktop\\LibraryHub\\Backend\\models\\user.js","statementMap":{"0":{"start":{"line":4,"column":4},"end":{"line":4,"column":24}},"1":{"start":{"line":5,"column":0},"end":{"line":30,"column":2}},"2":{"start":{"line":13,"column":6},"end":{"line":16,"column":9}},"3":{"start":{"line":20,"column":2},"end":{"line":28,"column":5}},"4":{"start":{"line":29,"column":2},"end":{"line":29,"column":14}}},"fnMap":{"0":{"name":"(anonymous_0)","decl":{"start":{"line":5,"column":17},"end":{"line":5,"column":18}},"loc":{"start":{"line":5,"column":43},"end":{"line":30,"column":1}},"line":5},"1":{"name":"(anonymous_1)","decl":{"start":{"line":12,"column":4},"end":{"line":12,"column":5}},"loc":{"start":{"line":12,"column":29},"end":{"line":17,"column":5}},"line":12}},"branchMap":{},"s":{"0":6,"1":6,"2":6,"3":6,"4":6},"f":{"0":6,"1":6},"b":{},"_coverageSchema":"1a1c01bbd47fc00a2c39e90264f33305004495a9","hash":"1cc7f402767cdb3bcbbec5f09c6399bf823f2b73"}
,"C:\\Users\\admin\\Desktop\\LibraryHub\\Backend\\src\\app.js": {"path":"C:\\Users\\admin\\Desktop\\LibraryHub\\Backend\\src\\app.js","statementMap":{"0":{"start":{"line":1,"column":16},"end":{"line":1,"column":34}},"1":{"start":{"line":2,"column":13},"end":{"line":2,"column":28}},"2":{"start":{"line":3,"column":18},"end":{"line":3,"column":47}},"3":{"start":{"line":5,"column":20},"end":{"line":5,"column":47}},"4":{"start":{"line":7,"column":19},"end":{"line":7,"column":49}},"5":{"start":{"line":8,"column":19},"end":{"line":8,"column":49}},"6":{"start":{"line":9,"column":21},"end":{"line":9,"column":53}},"7":{"start":{"line":10,"column":29},"end":{"line":10,"column":69}},"8":{"start":{"line":11,"column":20},"end":{"line":11,"column":51}},"9":{"start":{"line":13,"column":12},"end":{"line":13,"column":21}},"10":{"start":{"line":16,"column":0},"end":{"line":21,"column":2}},"11":{"start":{"line":23,"column":0},"end":{"line":23,"column":24}},"12":{"start":{"line":26,"column":0},"end":{"line":30,"column":3}},"13":{"start":{"line":27,"column":2},"end":{"line":29,"column":5}},"14":{"start":{"line":33,"column":0},"end":{"line":33,"column":33}},"15":{"start":{"line":34,"column":0},"end":{"line":34,"column":34}},"16":{"start":{"line":35,"column":0},"end":{"line":35,"column":37}},"17":{"start":{"line":36,"column":0},"end":{"line":36,"column":54}},"18":{"start":{"line":37,"column":0},"end":{"line":37,"column":35}},"19":{"start":{"line":40,"column":0},"end":{"line":40,"column":68}},"20":{"start":{"line":43,"column":0},"end":{"line":47,"column":3}},"21":{"start":{"line":44,"column":2},"end":{"line":46,"column":5}},"22":{"start":{"line":49,"column":0},"end":{"line":49,"column":21}}},"fnMap":{"0":{"name":"(anonymous_0)","decl":{"start":{"line":26,"column":13},"end":{"line":26,"column":14}},"loc":{"start":{"line":26,"column":27},"end":{"line":30,"column":1}},"line":26},"1":{"name":"(anonymous_1)","decl":{"start":{"line":43,"column":8},"end":{"line":43,"column":9}},"loc":{"start":{"line":43,"column":22},"end":{"line":47,"column":1}},"line":43}},"branchMap":{},"s":{"0":6,"1":6,"2":6,"3":6,"4":6,"5":6,"6":6,"7":6,"8":6,"9":6,"10":6,"11":6,"12":6,"13":1,"14":6,"15":6,"16":6,"17":6,"18":6,"19":6,"20":6,"21":0,"22":6},"f":{"0":1,"1":0},"b":{},"_coverageSchema":"1a1c01bbd47fc00a2c39e90264f33305004495a9","hash":"6adfc3a8b993183c68e00dfee77c9011ac2ba18e"}
,"C:\\Users\\admin\\Desktop\\LibraryHub\\Backend\\src\\controllers\\adminController.js": {"path":"C:\\Users\\admin\\Desktop\\LibraryHub\\Backend\\src\\controllers\\adminController.js","statementMap":{"0":{"start":{"line":1,"column":17},"end":{"line":1,"column":40}},"1":{"start":{"line":3,"column":19},"end":{"line":3,"column":20}},"2":{"start":{"line":4,"column":18},"end":{"line":4,"column":19}},"3":{"start":{"line":6,"column":22},"end":{"line":11,"column":1}},"4":{"start":{"line":7,"column":2},"end":{"line":7,"column":42}},"5":{"start":{"line":7,"column":24},"end":{"line":7,"column":42}},"6":{"start":{"line":8,"column":2},"end":{"line":8,"column":40}},"7":{"start":{"line":8,"column":23},"end":{"line":8,"column":40}},"8":{"start":{"line":10,"column":2},"end":{"line":10,"column":22}},"9":{"start":{"line":13,"column":17},"end":{"line":30,"column":1}},"10":{"start":{"line":14,"column":2},"end":{"line":29,"column":3}},"11":{"start":{"line":15,"column":18},"end":{"line":18,"column":6}},"12":{"start":{"line":20,"column":4},"end":{"line":26,"column":7}},"13":{"start":{"line":22,"column":33},"end":{"line":25,"column":7}},"14":{"start":{"line":28,"column":4},"end":{"line":28,"column":60}},"15":{"start":{"line":32,"column":23},"end":{"line":84,"column":1}},"16":{"start":{"line":33,"column":2},"end":{"line":83,"column":3}},"17":{"start":{"line":34,"column":21},"end":{"line":34,"column":29}},"18":{"start":{"line":36,"column":4},"end":{"line":38,"column":5}},"19":{"start":{"line":37,"column":6},"end":{"line":37,"column":67}},"20":{"start":{"line":40,"column":27},"end":{"line":40,"column":46}},"21":{"start":{"line":42,"column":4},"end":{"line":46,"column":5}},"22":{"start":{"line":43,"column":6},"end":{"line":45,"column":9}},"23":{"start":{"line":48,"column":4},"end":{"line":52,"column":5}},"24":{"start":{"line":49,"column":6},"end":{"line":51,"column":9}},"25":{"start":{"line":54,"column":17},"end":{"line":54,"column":51}},"26":{"start":{"line":56,"column":4},"end":{"line":58,"column":5}},"27":{"start":{"line":57,"column":6},"end":{"line":57,"column":65}},"28":{"start":{"line":60,"column":4},"end":{"line":64,"column":5}},"29":{"start":{"line":61,"column":6},"end":{"line":63,"column":9}},"30":{"start":{"line":66,"column":4},"end":{"line":68,"column":7}},"31":{"start":{"line":70,"column":4},"end":{"line":80,"column":7}},"32":{"start":{"line":82,"column":4},"end":{"line":82,"column":60}},"33":{"start":{"line":86,"column":0},"end":{"line":89,"column":2}}},"fnMap":{"0":{"name":"(anonymous_0)","decl":{"start":{"line":6,"column":22},"end":{"line":6,"column":23}},"loc":{"start":{"line":6,"column":32},"end":{"line":11,"column":1}},"line":6},"1":{"name":"(anonymous_1)","decl":{"start":{"line":13,"column":17},"end":{"line":13,"column":18}},"loc":{"start":{"line":13,"column":37},"end":{"line":30,"column":1}},"line":13},"2":{"name":"(anonymous_2)","decl":{"start":{"line":22,"column":22},"end":{"line":22,"column":23}},"loc":{"start":{"line":22,"column":33},"end":{"line":25,"column":7}},"line":22},"3":{"name":"(anonymous_3)","decl":{"start":{"line":32,"column":23},"end":{"line":32,"column":24}},"loc":{"start":{"line":32,"column":43},"end":{"line":84,"column":1}},"line":32}},"branchMap":{"0":{"loc":{"start":{"line":7,"column":2},"end":{"line":7,"column":42}},"type":"if","locations":[{"start":{"line":7,"column":2},"end":{"line":7,"column":42}},{"start":{},"end":{}}],"line":7},"1":{"loc":{"start":{"line":8,"column":2},"end":{"line":8,"column":40}},"type":"if","locations":[{"start":{"line":8,"column":2},"end":{"line":8,"column":40}},{"start":{},"end":{}}],"line":8},"2":{"loc":{"start":{"line":36,"column":4},"end":{"line":38,"column":5}},"type":"if","locations":[{"start":{"line":36,"column":4},"end":{"line":38,"column":5}},{"start":{},"end":{}}],"line":36},"3":{"loc":{"start":{"line":36,"column":8},"end":{"line":36,"column":58}},"type":"binary-expr","locations":[{"start":{"line":36,"column":8},"end":{"line":36,"column":26}},{"start":{"line":36,"column":30},"end":{"line":36,"column":43}},{"start":{"line":36,"column":47},"end":{"line":36,"column":58}}],"line":36},"4":{"loc":{"start":{"line":42,"column":4},"end":{"line":46,"column":5}},"type":"if","locations":[{"start":{"line":42,"column":4},"end":{"line":46,"column":5}},{"start":{},"end":{}}],"line":42},"5":{"loc":{"start":{"line":42,"column":8},"end":{"line":42,"column":64}},"type":"binary-expr","locations":[{"start":{"line":42,"column":8},"end":{"line":42,"column":41}},{"start":{"line":42,"column":45},"end":{"line":42,"column":64}}],"line":42},"6":{"loc":{"start":{"line":48,"column":4},"end":{"line":52,"column":5}},"type":"if","locations":[{"start":{"line":48,"column":4},"end":{"line":52,"column":5}},{"start":{},"end":{}}],"line":48},"7":{"loc":{"start":{"line":56,"column":4},"end":{"line":58,"column":5}},"type":"if","locations":[{"start":{"line":56,"column":4},"end":{"line":58,"column":5}},{"start":{},"end":{}}],"line":56},"8":{"loc":{"start":{"line":60,"column":4},"end":{"line":64,"column":5}},"type":"if","locations":[{"start":{"line":60,"column":4},"end":{"line":64,"column":5}},{"start":{},"end":{}}],"line":60}},"s":{"0":6,"1":6,"2":6,"3":6,"4":8,"5":0,"6":8,"7":0,"8":8,"9":6,"10":1,"11":1,"12":1,"13":2,"14":0,"15":6,"16":3,"17":3,"18":3,"19":0,"20":3,"21":3,"22":0,"23":3,"24":1,"25":2,"26":2,"27":0,"28":2,"29":1,"30":1,"31":1,"32":0,"33":6},"f":{"0":8,"1":1,"2":2,"3":3},"b":{"0":[0,8],"1":[0,8],"2":[0,3],"3":[3,3,3],"4":[0,3],"5":[3,3],"6":[1,2],"7":[0,2],"8":[1,1]},"_coverageSchema":"1a1c01bbd47fc00a2c39e90264f33305004495a9","hash":"1c7a59cd2fde21bd26b2213949c3bb8683921e8e"}
,"C:\\Users\\admin\\Desktop\\LibraryHub\\Backend\\src\\controllers\\authController.js": {"path":"C:\\Users\\admin\\Desktop\\LibraryHub\\Backend\\src\\controllers\\authController.js","statementMap":{"0":{"start":{"line":1,"column":15},"end":{"line":1,"column":32}},"1":{"start":{"line":2,"column":12},"end":{"line":2,"column":35}},"2":{"start":{"line":3,"column":17},"end":{"line":3,"column":40}},"3":{"start":{"line":5,"column":19},"end":{"line":5,"column":20}},"4":{"start":{"line":6,"column":18},"end":{"line":6,"column":19}},"5":{"start":{"line":8,"column":22},"end":{"line":13,"column":1}},"6":{"start":{"line":9,"column":2},"end":{"line":9,"column":42}},"7":{"start":{"line":9,"column":24},"end":{"line":9,"column":42}},"8":{"start":{"line":10,"column":2},"end":{"line":10,"column":40}},"9":{"start":{"line":10,"column":23},"end":{"line":10,"column":40}},"10":{"start":{"line":12,"column":2},"end":{"line":12,"column":22}},"11":{"start":{"line":15,"column":17},"end":{"line":44,"column":1}},"12":{"start":{"line":16,"column":2},"end":{"line":43,"column":3}},"13":{"start":{"line":17,"column":38},"end":{"line":17,"column":46}},"14":{"start":{"line":19,"column":4},"end":{"line":23,"column":5}},"15":{"start":{"line":20,"column":6},"end":{"line":22,"column":9}},"16":{"start":{"line":25,"column":25},"end":{"line":25,"column":65}},"17":{"start":{"line":27,"column":4},"end":{"line":29,"column":5}},"18":{"start":{"line":28,"column":6},"end":{"line":28,"column":71}},"19":{"start":{"line":31,"column":27},"end":{"line":31,"column":58}},"20":{"start":{"line":33,"column":4},"end":{"line":38,"column":7}},"21":{"start":{"line":40,"column":4},"end":{"line":40,"column":70}},"22":{"start":{"line":42,"column":4},"end":{"line":42,"column":60}},"23":{"start":{"line":46,"column":14},"end":{"line":86,"column":1}},"24":{"start":{"line":47,"column":2},"end":{"line":85,"column":3}},"25":{"start":{"line":48,"column":32},"end":{"line":48,"column":40}},"26":{"start":{"line":50,"column":17},"end":{"line":50,"column":57}},"27":{"start":{"line":52,"column":4},"end":{"line":54,"column":5}},"28":{"start":{"line":53,"column":6},"end":{"line":53,"column":76}},"29":{"start":{"line":56,"column":20},"end":{"line":56,"column":65}},"30":{"start":{"line":58,"column":4},"end":{"line":60,"column":5}},"31":{"start":{"line":59,"column":6},"end":{"line":59,"column":76}},"32":{"start":{"line":62,"column":17},"end":{"line":62,"column":41}},"33":{"start":{"line":64,"column":18},"end":{"line":71,"column":5}},"34":{"start":{"line":73,"column":4},"end":{"line":82,"column":7}},"35":{"start":{"line":84,"column":4},"end":{"line":84,"column":60}},"36":{"start":{"line":88,"column":14},"end":{"line":107,"column":1}},"37":{"start":{"line":89,"column":2},"end":{"line":106,"column":3}},"38":{"start":{"line":90,"column":17},"end":{"line":92,"column":6}},"39":{"start":{"line":94,"column":4},"end":{"line":96,"column":5}},"40":{"start":{"line":95,"column":6},"end":{"line":95,"column":65}},"41":{"start":{"line":98,"column":4},"end":{"line":103,"column":7}},"42":{"start":{"line":105,"column":4},"end":{"line":105,"column":60}},"43":{"start":{"line":109,"column":0},"end":{"line":113,"column":2}}},"fnMap":{"0":{"name":"(anonymous_0)","decl":{"start":{"line":8,"column":22},"end":{"line":8,"column":23}},"loc":{"start":{"line":8,"column":32},"end":{"line":13,"column":1}},"line":8},"1":{"name":"(anonymous_1)","decl":{"start":{"line":15,"column":17},"end":{"line":15,"column":18}},"loc":{"start":{"line":15,"column":37},"end":{"line":44,"column":1}},"line":15},"2":{"name":"(anonymous_2)","decl":{"start":{"line":46,"column":14},"end":{"line":46,"column":15}},"loc":{"start":{"line":46,"column":34},"end":{"line":86,"column":1}},"line":46},"3":{"name":"(anonymous_3)","decl":{"start":{"line":88,"column":14},"end":{"line":88,"column":15}},"loc":{"start":{"line":88,"column":34},"end":{"line":107,"column":1}},"line":88}},"branchMap":{"0":{"loc":{"start":{"line":9,"column":2},"end":{"line":9,"column":42}},"type":"if","locations":[{"start":{"line":9,"column":2},"end":{"line":9,"column":42}},{"start":{},"end":{}}],"line":9},"1":{"loc":{"start":{"line":10,"column":2},"end":{"line":10,"column":40}},"type":"if","locations":[{"start":{"line":10,"column":2},"end":{"line":10,"column":40}},{"start":{},"end":{}}],"line":10},"2":{"loc":{"start":{"line":19,"column":4},"end":{"line":23,"column":5}},"type":"if","locations":[{"start":{"line":19,"column":4},"end":{"line":23,"column":5}},{"start":{},"end":{}}],"line":19},"3":{"loc":{"start":{"line":19,"column":8},"end":{"line":19,"column":36}},"type":"binary-expr","locations":[{"start":{"line":19,"column":8},"end":{"line":19,"column":13}},{"start":{"line":19,"column":17},"end":{"line":19,"column":23}},{"start":{"line":19,"column":27},"end":{"line":19,"column":36}}],"line":19},"4":{"loc":{"start":{"line":27,"column":4},"end":{"line":29,"column":5}},"type":"if","locations":[{"start":{"line":27,"column":4},"end":{"line":29,"column":5}},{"start":{},"end":{}}],"line":27},"5":{"loc":{"start":{"line":52,"column":4},"end":{"line":54,"column":5}},"type":"if","locations":[{"start":{"line":52,"column":4},"end":{"line":54,"column":5}},{"start":{},"end":{}}],"line":52},"6":{"loc":{"start":{"line":58,"column":4},"end":{"line":60,"column":5}},"type":"if","locations":[{"start":{"line":58,"column":4},"end":{"line":60,"column":5}},{"start":{},"end":{}}],"line":58},"7":{"loc":{"start":{"line":69,"column":6},"end":{"line":69,"column":40}},"type":"binary-expr","locations":[{"start":{"line":69,"column":6},"end":{"line":69,"column":28}},{"start":{"line":69,"column":32},"end":{"line":69,"column":40}}],"line":69},"8":{"loc":{"start":{"line":94,"column":4},"end":{"line":96,"column":5}},"type":"if","locations":[{"start":{"line":94,"column":4},"end":{"line":96,"column":5}},{"start":{},"end":{}}],"line":94}},"s":{"0":6,"1":6,"2":6,"3":6,"4":6,"5":6,"6":2,"7":0,"8":2,"9":0,"10":2,"11":6,"12":6,"13":6,"14":6,"15":1,"16":5,"17":5,"18":1,"19":4,"20":4,"21":4,"22":0,"23":6,"24":3,"25":3,"26":3,"27":3,"28":1,"29":2,"30":2,"31":1,"32":1,"33":1,"34":1,"35":0,"36":6,"37":2,"38":2,"39":2,"40":1,"41":1,"42":0,"43":6},"f":{"0":2,"1":6,"2":3,"3":2},"b":{"0":[0,2],"1":[0,2],"2":[1,5],"3":[6,6,6],"4":[1,4],"5":[1,2],"6":[1,1],"7":[1,0],"8":[1,1]},"_coverageSchema":"1a1c01bbd47fc00a2c39e90264f33305004495a9","hash":"a5f0104fc1f58110d27a9115e7a9f1988dcc9ca5"}
,"C:\\Users\\admin\\Desktop\\LibraryHub\\Backend\\src\\controllers\\bookController.js": {"path":"C:\\Users\\admin\\Desktop\\LibraryHub\\Backend\\src\\controllers\\bookController.js","statementMap":{"0":{"start":{"line":1,"column":15},"end":{"line":1,"column":35}},"1":{"start":{"line":2,"column":17},"end":{"line":2,"column":40}},"2":{"start":{"line":4,"column":17},"end":{"line":17,"column":1}},"3":{"start":{"line":5,"column":2},"end":{"line":16,"column":3}},"4":{"start":{"line":6,"column":18},"end":{"line":8,"column":6}},"5":{"start":{"line":10,"column":4},"end":{"line":13,"column":7}},"6":{"start":{"line":15,"column":4},"end":{"line":15,"column":60}},"7":{"start":{"line":19,"column":20},"end":{"line":34,"column":1}},"8":{"start":{"line":20,"column":2},"end":{"line":33,"column":3}},"9":{"start":{"line":21,"column":17},"end":{"line":21,"column":51}},"10":{"start":{"line":23,"column":4},"end":{"line":25,"column":5}},"11":{"start":{"line":24,"column":6},"end":{"line":24,"column":65}},"12":{"start":{"line":27,"column":4},"end":{"line":30,"column":7}},"13":{"start":{"line":32,"column":4},"end":{"line":32,"column":60}},"14":{"start":{"line":36,"column":19},"end":{"line":58,"column":1}},"15":{"start":{"line":37,"column":2},"end":{"line":57,"column":3}},"16":{"start":{"line":38,"column":50},"end":{"line":38,"column":58}},"17":{"start":{"line":40,"column":4},"end":{"line":42,"column":5}},"18":{"start":{"line":41,"column":6},"end":{"line":41,"column":74}},"19":{"start":{"line":44,"column":17},"end":{"line":49,"column":6}},"20":{"start":{"line":51,"column":4},"end":{"line":54,"column":7}},"21":{"start":{"line":56,"column":4},"end":{"line":56,"column":60}},"22":{"start":{"line":60,"column":19},"end":{"line":77,"column":1}},"23":{"start":{"line":61,"column":2},"end":{"line":76,"column":3}},"24":{"start":{"line":62,"column":17},"end":{"line":62,"column":51}},"25":{"start":{"line":64,"column":4},"end":{"line":66,"column":5}},"26":{"start":{"line":65,"column":6},"end":{"line":65,"column":65}},"27":{"start":{"line":68,"column":4},"end":{"line":68,"column":32}},"28":{"start":{"line":70,"column":4},"end":{"line":73,"column":7}},"29":{"start":{"line":75,"column":4},"end":{"line":75,"column":60}},"30":{"start":{"line":79,"column":19},"end":{"line":95,"column":1}},"31":{"start":{"line":80,"column":2},"end":{"line":94,"column":3}},"32":{"start":{"line":81,"column":17},"end":{"line":81,"column":51}},"33":{"start":{"line":83,"column":4},"end":{"line":85,"column":5}},"34":{"start":{"line":84,"column":6},"end":{"line":84,"column":65}},"35":{"start":{"line":87,"column":4},"end":{"line":87,"column":25}},"36":{"start":{"line":89,"column":4},"end":{"line":91,"column":7}},"37":{"start":{"line":93,"column":4},"end":{"line":93,"column":60}},"38":{"start":{"line":97,"column":20},"end":{"line":125,"column":1}},"39":{"start":{"line":98,"column":2},"end":{"line":124,"column":3}},"40":{"start":{"line":99,"column":24},"end":{"line":99,"column":33}},"41":{"start":{"line":101,"column":4},"end":{"line":105,"column":5}},"42":{"start":{"line":102,"column":6},"end":{"line":104,"column":9}},"43":{"start":{"line":107,"column":18},"end":{"line":116,"column":6}},"44":{"start":{"line":118,"column":4},"end":{"line":121,"column":7}},"45":{"start":{"line":123,"column":4},"end":{"line":123,"column":60}},"46":{"start":{"line":127,"column":0},"end":{"line":134,"column":2}}},"fnMap":{"0":{"name":"(anonymous_0)","decl":{"start":{"line":4,"column":17},"end":{"line":4,"column":18}},"loc":{"start":{"line":4,"column":37},"end":{"line":17,"column":1}},"line":4},"1":{"name":"(anonymous_1)","decl":{"start":{"line":19,"column":20},"end":{"line":19,"column":21}},"loc":{"start":{"line":19,"column":40},"end":{"line":34,"column":1}},"line":19},"2":{"name":"(anonymous_2)","decl":{"start":{"line":36,"column":19},"end":{"line":36,"column":20}},"loc":{"start":{"line":36,"column":39},"end":{"line":58,"column":1}},"line":36},"3":{"name":"(anonymous_3)","decl":{"start":{"line":60,"column":19},"end":{"line":60,"column":20}},"loc":{"start":{"line":60,"column":39},"end":{"line":77,"column":1}},"line":60},"4":{"name":"(anonymous_4)","decl":{"start":{"line":79,"column":19},"end":{"line":79,"column":20}},"loc":{"start":{"line":79,"column":39},"end":{"line":95,"column":1}},"line":79},"5":{"name":"(anonymous_5)","decl":{"start":{"line":97,"column":20},"end":{"line":97,"column":21}},"loc":{"start":{"line":97,"column":40},"end":{"line":125,"column":1}},"line":97}},"branchMap":{"0":{"loc":{"start":{"line":23,"column":4},"end":{"line":25,"column":5}},"type":"if","locations":[{"start":{"line":23,"column":4},"end":{"line":25,"column":5}},{"start":{},"end":{}}],"line":23},"1":{"loc":{"start":{"line":40,"column":4},"end":{"line":42,"column":5}},"type":"if","locations":[{"start":{"line":40,"column":4},"end":{"line":42,"column":5}},{"start":{},"end":{}}],"line":40},"2":{"loc":{"start":{"line":40,"column":8},"end":{"line":40,"column":64}},"type":"binary-expr","locations":[{"start":{"line":40,"column":8},"end":{"line":40,"column":14}},{"start":{"line":40,"column":18},"end":{"line":40,"column":25}},{"start":{"line":40,"column":29},"end":{"line":40,"column":38}},{"start":{"line":40,"column":42},"end":{"line":40,"column":64}}],"line":40},"3":{"loc":{"start":{"line":64,"column":4},"end":{"line":66,"column":5}},"type":"if","locations":[{"start":{"line":64,"column":4},"end":{"line":66,"column":5}},{"start":{},"end":{}}],"line":64},"4":{"loc":{"start":{"line":83,"column":4},"end":{"line":85,"column":5}},"type":"if","locations":[{"start":{"line":83,"column":4},"end":{"line":85,"column":5}},{"start":{},"end":{}}],"line":83},"5":{"loc":{"start":{"line":101,"column":4},"end":{"line":105,"column":5}},"type":"if","locations":[{"start":{"line":101,"column":4},"end":{"line":105,"column":5}},{"start":{},"end":{}}],"line":101}},"s":{"0":6,"1":6,"2":6,"3":1,"4":1,"5":1,"6":0,"7":6,"8":2,"9":2,"10":2,"11":1,"12":1,"13":0,"14":6,"15":2,"16":2,"17":2,"18":1,"19":1,"20":1,"21":0,"22":6,"23":2,"24":2,"25":2,"26":1,"27":1,"28":1,"29":0,"30":6,"31":2,"32":2,"33":2,"34":1,"35":1,"36":1,"37":0,"38":6,"39":2,"40":2,"41":2,"42":1,"43":1,"44":1,"45":0,"46":6},"f":{"0":1,"1":2,"2":2,"3":2,"4":2,"5":2},"b":{"0":[1,1],"1":[1,1],"2":[2,2,2,1],"3":[1,1],"4":[1,1],"5":[1,1]},"_coverageSchema":"1a1c01bbd47fc00a2c39e90264f33305004495a9","hash":"5bbdb7e2daf8ee0ef3442691d02c4fe2160ef346"}
,"C:\\Users\\admin\\Desktop\\LibraryHub\\Backend\\src\\controllers\\borrowController.js": {"path":"C:\\Users\\admin\\Desktop\\LibraryHub\\Backend\\src\\controllers\\borrowController.js","statementMap":{"0":{"start":{"line":1,"column":42},"end":{"line":1,"column":65}},"1":{"start":{"line":3,"column":19},"end":{"line":53,"column":1}},"2":{"start":{"line":4,"column":22},"end":{"line":4,"column":51}},"3":{"start":{"line":6,"column":2},"end":{"line":52,"column":3}},"4":{"start":{"line":7,"column":19},"end":{"line":7,"column":30}},"5":{"start":{"line":8,"column":23},"end":{"line":8,"column":31}},"6":{"start":{"line":10,"column":4},"end":{"line":13,"column":5}},"7":{"start":{"line":11,"column":6},"end":{"line":11,"column":35}},"8":{"start":{"line":12,"column":6},"end":{"line":12,"column":69}},"9":{"start":{"line":15,"column":17},"end":{"line":15,"column":61}},"10":{"start":{"line":17,"column":4},"end":{"line":20,"column":5}},"11":{"start":{"line":18,"column":6},"end":{"line":18,"column":35}},"12":{"start":{"line":19,"column":6},"end":{"line":19,"column":65}},"13":{"start":{"line":22,"column":4},"end":{"line":25,"column":5}},"14":{"start":{"line":23,"column":6},"end":{"line":23,"column":35}},"15":{"start":{"line":24,"column":6},"end":{"line":24,"column":70}},"16":{"start":{"line":27,"column":4},"end":{"line":30,"column":6}},"17":{"start":{"line":32,"column":25},"end":{"line":41,"column":5}},"18":{"start":{"line":43,"column":4},"end":{"line":43,"column":31}},"19":{"start":{"line":45,"column":4},"end":{"line":48,"column":7}},"20":{"start":{"line":50,"column":4},"end":{"line":50,"column":33}},"21":{"start":{"line":51,"column":4},"end":{"line":51,"column":60}},"22":{"start":{"line":55,"column":19},"end":{"line":116,"column":1}},"23":{"start":{"line":56,"column":22},"end":{"line":56,"column":51}},"24":{"start":{"line":58,"column":2},"end":{"line":115,"column":3}},"25":{"start":{"line":59,"column":19},"end":{"line":59,"column":30}},"26":{"start":{"line":60,"column":31},"end":{"line":60,"column":39}},"27":{"start":{"line":62,"column":4},"end":{"line":65,"column":5}},"28":{"start":{"line":63,"column":6},"end":{"line":63,"column":35}},"29":{"start":{"line":64,"column":6},"end":{"line":64,"column":77}},"30":{"start":{"line":67,"column":19},"end":{"line":67,"column":79}},"31":{"start":{"line":69,"column":4},"end":{"line":72,"column":5}},"32":{"start":{"line":70,"column":6},"end":{"line":70,"column":35}},"33":{"start":{"line":71,"column":6},"end":{"line":71,"column":74}},"34":{"start":{"line":74,"column":4},"end":{"line":77,"column":5}},"35":{"start":{"line":75,"column":6},"end":{"line":75,"column":35}},"36":{"start":{"line":76,"column":6},"end":{"line":76,"column":78}},"37":{"start":{"line":79,"column":4},"end":{"line":82,"column":5}},"38":{"start":{"line":80,"column":6},"end":{"line":80,"column":35}},"39":{"start":{"line":81,"column":6},"end":{"line":81,"column":72}},"40":{"start":{"line":84,"column":17},"end":{"line":84,"column":68}},"41":{"start":{"line":86,"column":4},"end":{"line":89,"column":5}},"42":{"start":{"line":87,"column":6},"end":{"line":87,"column":35}},"43":{"start":{"line":88,"column":6},"end":{"line":88,"column":65}},"44":{"start":{"line":91,"column":4},"end":{"line":97,"column":6}},"45":{"start":{"line":99,"column":4},"end":{"line":104,"column":6}},"46":{"start":{"line":106,"column":4},"end":{"line":106,"column":31}},"47":{"start":{"line":108,"column":4},"end":{"line":111,"column":7}},"48":{"start":{"line":113,"column":4},"end":{"line":113,"column":33}},"49":{"start":{"line":114,"column":4},"end":{"line":114,"column":60}},"50":{"start":{"line":118,"column":27},"end":{"line":147,"column":1}},"51":{"start":{"line":119,"column":2},"end":{"line":146,"column":3}},"52":{"start":{"line":120,"column":19},"end":{"line":120,"column":30}},"53":{"start":{"line":122,"column":20},"end":{"line":125,"column":6}},"54":{"start":{"line":127,"column":17},"end":{"line":136,"column":5}},"55":{"start":{"line":129,"column":21},"end":{"line":129,"column":55}},"56":{"start":{"line":131,"column":8},"end":{"line":134,"column":10}},"57":{"start":{"line":138,"column":4},"end":{"line":141,"column":7}},"58":{"start":{"line":143,"column":4},"end":{"line":145,"column":7}},"59":{"start":{"line":149,"column":0},"end":{"line":153,"column":2}}},"fnMap":{"0":{"name":"(anonymous_0)","decl":{"start":{"line":3,"column":19},"end":{"line":3,"column":20}},"loc":{"start":{"line":3,"column":39},"end":{"line":53,"column":1}},"line":3},"1":{"name":"(anonymous_1)","decl":{"start":{"line":55,"column":19},"end":{"line":55,"column":20}},"loc":{"start":{"line":55,"column":39},"end":{"line":116,"column":1}},"line":55},"2":{"name":"(anonymous_2)","decl":{"start":{"line":118,"column":27},"end":{"line":118,"column":28}},"loc":{"start":{"line":118,"column":47},"end":{"line":147,"column":1}},"line":118},"3":{"name":"(anonymous_3)","decl":{"start":{"line":128,"column":18},"end":{"line":128,"column":19}},"loc":{"start":{"line":128,"column":36},"end":{"line":135,"column":7}},"line":128}},"branchMap":{"0":{"loc":{"start":{"line":10,"column":4},"end":{"line":13,"column":5}},"type":"if","locations":[{"start":{"line":10,"column":4},"end":{"line":13,"column":5}},{"start":{},"end":{}}],"line":10},"1":{"loc":{"start":{"line":17,"column":4},"end":{"line":20,"column":5}},"type":"if","locations":[{"start":{"line":17,"column":4},"end":{"line":20,"column":5}},{"start":{},"end":{}}],"line":17},"2":{"loc":{"start":{"line":22,"column":4},"end":{"line":25,"column":5}},"type":"if","locations":[{"start":{"line":22,"column":4},"end":{"line":25,"column":5}},{"start":{},"end":{}}],"line":22},"3":{"loc":{"start":{"line":62,"column":4},"end":{"line":65,"column":5}},"type":"if","locations":[{"start":{"line":62,"column":4},"end":{"line":65,"column":5}},{"start":{},"end":{}}],"line":62},"4":{"loc":{"start":{"line":69,"column":4},"end":{"line":72,"column":5}},"type":"if","locations":[{"start":{"line":69,"column":4},"end":{"line":72,"column":5}},{"start":{},"end":{}}],"line":69},"5":{"loc":{"start":{"line":74,"column":4},"end":{"line":77,"column":5}},"type":"if","locations":[{"start":{"line":74,"column":4},"end":{"line":77,"column":5}},{"start":{},"end":{}}],"line":74},"6":{"loc":{"start":{"line":79,"column":4},"end":{"line":82,"column":5}},"type":"if","locations":[{"start":{"line":79,"column":4},"end":{"line":82,"column":5}},{"start":{},"end":{}}],"line":79},"7":{"loc":{"start":{"line":86,"column":4},"end":{"line":89,"column":5}},"type":"if","locations":[{"start":{"line":86,"column":4},"end":{"line":89,"column":5}},{"start":{},"end":{}}],"line":86},"8":{"loc":{"start":{"line":133,"column":16},"end":{"line":133,"column":43}},"type":"cond-expr","locations":[{"start":{"line":133,"column":23},"end":{"line":133,"column":36}},{"start":{"line":133,"column":39},"end":{"line":133,"column":43}}],"line":133},"9":{"loc":{"start":{"line":144,"column":15},"end":{"line":144,"column":59}},"type":"binary-expr","locations":[{"start":{"line":144,"column":15},"end":{"line":144,"column":28}},{"start":{"line":144,"column":32},"end":{"line":144,"column":59}}],"line":144}},"s":{"0":6,"1":6,"2":4,"3":4,"4":4,"5":4,"6":4,"7":1,"8":1,"9":3,"10":3,"11":1,"12":1,"13":2,"14":1,"15":1,"16":1,"17":1,"18":1,"19":1,"20":0,"21":0,"22":6,"23":5,"24":5,"25":5,"26":5,"27":5,"28":1,"29":1,"30":4,"31":4,"32":1,"33":1,"34":3,"35":1,"36":1,"37":2,"38":1,"39":1,"40":1,"41":1,"42":0,"43":0,"44":1,"45":1,"46":1,"47":1,"48":0,"49":0,"50":6,"51":1,"52":1,"53":1,"54":1,"55":1,"56":1,"57":1,"58":0,"59":6},"f":{"0":4,"1":5,"2":1,"3":1},"b":{"0":[1,3],"1":[1,2],"2":[1,1],"3":[1,4],"4":[1,3],"5":[1,2],"6":[1,1],"7":[0,1],"8":[1,0],"9":[0,0]},"_coverageSchema":"1a1c01bbd47fc00a2c39e90264f33305004495a9","hash":"f3710fc7a2889e43c3e95dbbeb8c1162eede0e13"}
,"C:\\Users\\admin\\Desktop\\LibraryHub\\Backend\\src\\controllers\\recommendationController.js": {"path":"C:\\Users\\admin\\Desktop\\LibraryHub\\Backend\\src\\controllers\\recommendationController.js","statementMap":{"0":{"start":{"line":1,"column":14},"end":{"line":1,"column":30}},"1":{"start":{"line":3,"column":27},"end":{"line":17,"column":1}},"2":{"start":{"line":4,"column":2},"end":{"line":16,"column":3}},"3":{"start":{"line":6,"column":6},"end":{"line":6,"column":59}},"4":{"start":{"line":8,"column":21},"end":{"line":8,"column":75}},"5":{"start":{"line":10,"column":4},"end":{"line":10,"column":47}},"6":{"start":{"line":12,"column":4},"end":{"line":15,"column":7}},"7":{"start":{"line":19,"column":0},"end":{"line":21,"column":2}}},"fnMap":{"0":{"name":"(anonymous_0)","decl":{"start":{"line":3,"column":27},"end":{"line":3,"column":28}},"loc":{"start":{"line":3,"column":47},"end":{"line":17,"column":1}},"line":3}},"branchMap":{"0":{"loc":{"start":{"line":6,"column":6},"end":{"line":6,"column":59}},"type":"binary-expr","locations":[{"start":{"line":6,"column":6},"end":{"line":6,"column":32}},{"start":{"line":6,"column":36},"end":{"line":6,"column":59}}],"line":6}},"s":{"0":6,"1":6,"2":1,"3":1,"4":1,"5":1,"6":0,"7":6},"f":{"0":1},"b":{"0":[1,0]},"_coverageSchema":"1a1c01bbd47fc00a2c39e90264f33305004495a9","hash":"d6accecc4440b369559281dcca603922fb07fdfe"}
,"C:\\Users\\admin\\Desktop\\LibraryHub\\Backend\\src\\middlewares\\authMiddleware.js": {"path":"C:\\Users\\admin\\Desktop\\LibraryHub\\Backend\\src\\middlewares\\authMiddleware.js","statementMap":{"0":{"start":{"line":1,"column":12},"end":{"line":1,"column":35}},"1":{"start":{"line":3,"column":23},"end":{"line":28,"column":1}},"2":{"start":{"line":4,"column":2},"end":{"line":27,"column":3}},"3":{"start":{"line":5,"column":23},"end":{"line":5,"column":48}},"4":{"start":{"line":7,"column":4},"end":{"line":9,"column":5}},"5":{"start":{"line":8,"column":6},"end":{"line":8,"column":68}},"6":{"start":{"line":11,"column":18},"end":{"line":11,"column":42}},"7":{"start":{"line":13,"column":4},"end":{"line":15,"column":5}},"8":{"start":{"line":14,"column":6},"end":{"line":14,"column":71}},"9":{"start":{"line":17,"column":20},"end":{"line":17,"column":73}},"10":{"start":{"line":19,"column":4},"end":{"line":22,"column":6}},"11":{"start":{"line":24,"column":4},"end":{"line":24,"column":11}},"12":{"start":{"line":26,"column":4},"end":{"line":26,"column":61}},"13":{"start":{"line":30,"column":21},"end":{"line":36,"column":1}},"14":{"start":{"line":31,"column":2},"end":{"line":33,"column":3}},"15":{"start":{"line":32,"column":4},"end":{"line":32,"column":74}},"16":{"start":{"line":35,"column":2},"end":{"line":35,"column":9}},"17":{"start":{"line":38,"column":0},"end":{"line":41,"column":2}}},"fnMap":{"0":{"name":"(anonymous_0)","decl":{"start":{"line":3,"column":23},"end":{"line":3,"column":24}},"loc":{"start":{"line":3,"column":43},"end":{"line":28,"column":1}},"line":3},"1":{"name":"(anonymous_1)","decl":{"start":{"line":30,"column":21},"end":{"line":30,"column":22}},"loc":{"start":{"line":30,"column":41},"end":{"line":36,"column":1}},"line":30}},"branchMap":{"0":{"loc":{"start":{"line":7,"column":4},"end":{"line":9,"column":5}},"type":"if","locations":[{"start":{"line":7,"column":4},"end":{"line":9,"column":5}},{"start":{},"end":{}}],"line":7},"1":{"loc":{"start":{"line":13,"column":4},"end":{"line":15,"column":5}},"type":"if","locations":[{"start":{"line":13,"column":4},"end":{"line":15,"column":5}},{"start":{},"end":{}}],"line":13},"2":{"loc":{"start":{"line":17,"column":38},"end":{"line":17,"column":72}},"type":"binary-expr","locations":[{"start":{"line":17,"column":38},"end":{"line":17,"column":60}},{"start":{"line":17,"column":64},"end":{"line":17,"column":72}}],"line":17},"3":{"loc":{"start":{"line":31,"column":2},"end":{"line":33,"column":3}},"type":"if","locations":[{"start":{"line":31,"column":2},"end":{"line":33,"column":3}},{"start":{},"end":{}}],"line":31}},"s":{"0":6,"1":6,"2":27,"3":27,"4":27,"5":1,"6":26,"7":26,"8":1,"9":25,"10":24,"11":24,"12":1,"13":6,"14":12,"15":1,"16":11,"17":6},"f":{"0":27,"1":12},"b":{"0":[1,26],"1":[1,25],"2":[25,0],"3":[1,11]},"_coverageSchema":"1a1c01bbd47fc00a2c39e90264f33305004495a9","hash":"db4f531a3034ae9aa220636adcfc00e47944606b"}
,"C:\\Users\\admin\\Desktop\\LibraryHub\\Backend\\src\\routes\\adminRoutes.js": {"path":"C:\\Users\\admin\\Desktop\\LibraryHub\\Backend\\src\\routes\\adminRoutes.js","statementMap":{"0":{"start":{"line":1,"column":16},"end":{"line":1,"column":34}},"1":{"start":{"line":2,"column":37},"end":{"line":2,"column":78}},"2":{"start":{"line":3,"column":41},"end":{"line":3,"column":81}},"3":{"start":{"line":5,"column":15},"end":{"line":5,"column":31}},"4":{"start":{"line":7,"column":0},"end":{"line":11,"column":3}},"5":{"start":{"line":8,"column":2},"end":{"line":10,"column":5}},"6":{"start":{"line":13,"column":0},"end":{"line":13,"column":61}},"7":{"start":{"line":15,"column":0},"end":{"line":15,"column":78}},"8":{"start":{"line":17,"column":0},"end":{"line":17,"column":24}}},"fnMap":{"0":{"name":"(anonymous_0)","decl":{"start":{"line":7,"column":50},"end":{"line":7,"column":51}},"loc":{"start":{"line":7,"column":64},"end":{"line":11,"column":1}},"line":7}},"branchMap":{},"s":{"0":6,"1":6,"2":6,"3":6,"4":6,"5":1,"6":6,"7":6,"8":6},"f":{"0":1},"b":{},"_coverageSchema":"1a1c01bbd47fc00a2c39e90264f33305004495a9","hash":"4ce356b3ac0efd361edc64638b6ca56acae9c347"}
,"C:\\Users\\admin\\Desktop\\LibraryHub\\Backend\\src\\routes\\authRoutes.js": {"path":"C:\\Users\\admin\\Desktop\\LibraryHub\\Backend\\src\\routes\\authRoutes.js","statementMap":{"0":{"start":{"line":1,"column":16},"end":{"line":1,"column":34}},"1":{"start":{"line":2,"column":35},"end":{"line":2,"column":75}},"2":{"start":{"line":3,"column":27},"end":{"line":3,"column":67}},"3":{"start":{"line":5,"column":15},"end":{"line":5,"column":31}},"4":{"start":{"line":30,"column":0},"end":{"line":30,"column":35}},"5":{"start":{"line":53,"column":0},"end":{"line":53,"column":29}},"6":{"start":{"line":55,"column":0},"end":{"line":55,"column":41}},"7":{"start":{"line":57,"column":0},"end":{"line":57,"column":24}}},"fnMap":{},"branchMap":{},"s":{"0":6,"1":6,"2":6,"3":6,"4":6,"5":6,"6":6,"7":6},"f":{},"b":{},"_coverageSchema":"1a1c01bbd47fc00a2c39e90264f33305004495a9","hash":"bc0fe4df0ffbf3d25eae466d56c588910d5c067f"}
,"C:\\Users\\admin\\Desktop\\LibraryHub\\Backend\\src\\routes\\bookRoutes.js": {"path":"C:\\Users\\admin\\Desktop\\LibraryHub\\Backend\\src\\routes\\bookRoutes.js","statementMap":{"0":{"start":{"line":1,"column":16},"end":{"line":1,"column":34}},"1":{"start":{"line":9,"column":4},"end":{"line":9,"column":44}},"2":{"start":{"line":11,"column":41},"end":{"line":11,"column":81}},"3":{"start":{"line":13,"column":15},"end":{"line":13,"column":31}},"4":{"start":{"line":25,"column":0},"end":{"line":25,"column":26}},"5":{"start":{"line":42,"column":0},"end":{"line":42,"column":35}},"6":{"start":{"line":60,"column":0},"end":{"line":60,"column":32}},"7":{"start":{"line":89,"column":0},"end":{"line":89,"column":59}},"8":{"start":{"line":109,"column":0},"end":{"line":109,"column":61}},"9":{"start":{"line":129,"column":0},"end":{"line":129,"column":64}},"10":{"start":{"line":131,"column":0},"end":{"line":131,"column":24}}},"fnMap":{},"branchMap":{},"s":{"0":6,"1":6,"2":6,"3":6,"4":6,"5":6,"6":6,"7":6,"8":6,"9":6,"10":6},"f":{},"b":{},"_coverageSchema":"1a1c01bbd47fc00a2c39e90264f33305004495a9","hash":"4157aad690dcafa534d104146356d8b7fd234edb"}
,"C:\\Users\\admin\\Desktop\\LibraryHub\\Backend\\src\\routes\\borrowRoutes.js": {"path":"C:\\Users\\admin\\Desktop\\LibraryHub\\Backend\\src\\routes\\borrowRoutes.js","statementMap":{"0":{"start":{"line":1,"column":16},"end":{"line":1,"column":34}},"1":{"start":{"line":2,"column":15},"end":{"line":2,"column":31}},"2":{"start":{"line":8,"column":4},"end":{"line":8,"column":46}},"3":{"start":{"line":10,"column":27},"end":{"line":10,"column":67}},"4":{"start":{"line":12,"column":0},"end":{"line":12,"column":45}},"5":{"start":{"line":13,"column":0},"end":{"line":13,"column":51}},"6":{"start":{"line":14,"column":0},"end":{"line":14,"column":59}},"7":{"start":{"line":16,"column":0},"end":{"line":16,"column":24}}},"fnMap":{},"branchMap":{},"s":{"0":6,"1":6,"2":6,"3":6,"4":6,"5":6,"6":6,"7":6},"f":{},"b":{},"_coverageSchema":"1a1c01bbd47fc00a2c39e90264f33305004495a9","hash":"a6d5b0ea9aa2689bac0f4dd8d14bac835b97b5cd"}
,"C:\\Users\\admin\\Desktop\\LibraryHub\\Backend\\src\\routes\\recommendationRoutes.js": {"path":"C:\\Users\\admin\\Desktop\\LibraryHub\\Backend\\src\\routes\\recommendationRoutes.js","statementMap":{"0":{"start":{"line":1,"column":16},"end":{"line":1,"column":34}},"1":{"start":{"line":4,"column":4},"end":{"line":4,"column":54}},"2":{"start":{"line":6,"column":15},"end":{"line":6,"column":31}},"3":{"start":{"line":18,"column":0},"end":{"line":18,"column":36}},"4":{"start":{"line":20,"column":0},"end":{"line":20,"column":24}}},"fnMap":{},"branchMap":{},"s":{"0":6,"1":6,"2":6,"3":6,"4":6},"f":{},"b":{},"_coverageSchema":"1a1c01bbd47fc00a2c39e90264f33305004495a9","hash":"6303e847c36f045eef16c2718262580c7d59df90"}
}
