TN:
SF:models\book.js
FN:5,(anonymous_0)
FN:12,(anonymous_1)
FNF:2
FNH:2
FNDA:6,(anonymous_0)
FNDA:6,(anonymous_1)
DA:4,6
DA:5,6
DA:13,6
DA:19,6
DA:28,6
LF:5
LH:5
BRF:0
BRH:0
end_of_record
TN:
SF:models\borrowrecord.js
FN:5,(anonymous_0)
FN:12,(anonymous_1)
FNF:2
FNH:2
FNDA:6,(anonymous_0)
FNDA:6,(anonymous_1)
DA:4,6
DA:5,6
DA:13,6
DA:18,6
DA:24,6
DA:34,6
LF:6
LH:6
BRF:0
BRH:0
end_of_record
TN:
SF:models\index.js
FN:21,(anonymous_0)
FN:29,(anonymous_1)
FN:34,(anonymous_2)
FNF:3
FNH:3
FNDA:24,(anonymous_0)
FNDA:18,(anonymous_1)
FNDA:18,(anonymous_2)
DA:3,6
DA:4,6
DA:5,6
DA:6,6
DA:7,6
DA:8,6
DA:9,6
DA:10,6
DA:13,6
DA:14,0
DA:16,6
DA:19,6
DA:22,24
DA:30,18
DA:31,18
DA:34,6
DA:35,18
DA:36,18
DA:40,6
DA:41,6
DA:43,6
LF:21
LH:20
BRDA:8,0,0,6
BRDA:8,0,1,0
BRDA:13,1,0,0
BRDA:13,1,1,6
BRDA:23,2,0,24
BRDA:23,2,1,24
BRDA:23,2,2,18
BRDA:23,2,3,18
BRDA:35,3,0,18
BRDA:35,3,1,0
BRF:10
BRH:7
end_of_record
TN:
SF:models\user.js
FN:5,(anonymous_0)
FN:12,(anonymous_1)
FNF:2
FNH:2
FNDA:6,(anonymous_0)
FNDA:6,(anonymous_1)
DA:4,6
DA:5,6
DA:13,6
DA:20,6
DA:29,6
LF:5
LH:5
BRF:0
BRH:0
end_of_record
TN:
SF:src\app.js
FN:26,(anonymous_0)
FN:43,(anonymous_1)
FNF:2
FNH:1
FNDA:1,(anonymous_0)
FNDA:0,(anonymous_1)
DA:1,6
DA:2,6
DA:3,6
DA:5,6
DA:7,6
DA:8,6
DA:9,6
DA:10,6
DA:11,6
DA:13,6
DA:16,6
DA:23,6
DA:26,6
DA:27,1
DA:33,6
DA:34,6
DA:35,6
DA:36,6
DA:37,6
DA:40,6
DA:43,6
DA:44,0
DA:49,6
LF:23
LH:22
BRF:0
BRH:0
end_of_record
TN:
SF:src\controllers\adminController.js
FN:6,(anonymous_0)
FN:13,(anonymous_1)
FN:22,(anonymous_2)
FN:32,(anonymous_3)
FNF:4
FNH:4
FNDA:8,(anonymous_0)
FNDA:1,(anonymous_1)
FNDA:2,(anonymous_2)
FNDA:3,(anonymous_3)
DA:1,6
DA:3,6
DA:4,6
DA:6,6
DA:7,8
DA:8,8
DA:10,8
DA:13,6
DA:14,1
DA:15,1
DA:20,1
DA:22,2
DA:28,0
DA:32,6
DA:33,3
DA:34,3
DA:36,3
DA:37,0
DA:40,3
DA:42,3
DA:43,0
DA:48,3
DA:49,1
DA:54,2
DA:56,2
DA:57,0
DA:60,2
DA:61,1
DA:66,1
DA:70,1
DA:82,0
DA:86,6
LF:32
LH:27
BRDA:7,0,0,0
BRDA:7,0,1,8
BRDA:8,1,0,0
BRDA:8,1,1,8
BRDA:36,2,0,0
BRDA:36,2,1,3
BRDA:36,3,0,3
BRDA:36,3,1,3
BRDA:36,3,2,3
BRDA:42,4,0,0
BRDA:42,4,1,3
BRDA:42,5,0,3
BRDA:42,5,1,3
BRDA:48,6,0,1
BRDA:48,6,1,2
BRDA:56,7,0,0
BRDA:56,7,1,2
BRDA:60,8,0,1
BRDA:60,8,1,1
BRF:19
BRH:14
end_of_record
TN:
SF:src\controllers\authController.js
FN:8,(anonymous_0)
FN:15,(anonymous_1)
FN:46,(anonymous_2)
FN:88,(anonymous_3)
FNF:4
FNH:4
FNDA:2,(anonymous_0)
FNDA:6,(anonymous_1)
FNDA:3,(anonymous_2)
FNDA:2,(anonymous_3)
DA:1,6
DA:2,6
DA:3,6
DA:5,6
DA:6,6
DA:8,6
DA:9,2
DA:10,2
DA:12,2
DA:15,6
DA:16,6
DA:17,6
DA:19,6
DA:20,1
DA:25,5
DA:27,5
DA:28,1
DA:31,4
DA:33,4
DA:40,4
DA:42,0
DA:46,6
DA:47,3
DA:48,3
DA:50,3
DA:52,3
DA:53,1
DA:56,2
DA:58,2
DA:59,1
DA:62,1
DA:64,1
DA:73,1
DA:84,0
DA:88,6
DA:89,2
DA:90,2
DA:94,2
DA:95,1
DA:98,1
DA:105,0
DA:109,6
LF:42
LH:39
BRDA:9,0,0,0
BRDA:9,0,1,2
BRDA:10,1,0,0
BRDA:10,1,1,2
BRDA:19,2,0,1
BRDA:19,2,1,5
BRDA:19,3,0,6
BRDA:19,3,1,6
BRDA:19,3,2,6
BRDA:27,4,0,1
BRDA:27,4,1,4
BRDA:52,5,0,1
BRDA:52,5,1,2
BRDA:58,6,0,1
BRDA:58,6,1,1
BRDA:69,7,0,1
BRDA:69,7,1,0
BRDA:94,8,0,1
BRDA:94,8,1,1
BRF:19
BRH:16
end_of_record
TN:
SF:src\controllers\bookController.js
FN:4,(anonymous_0)
FN:19,(anonymous_1)
FN:36,(anonymous_2)
FN:60,(anonymous_3)
FN:79,(anonymous_4)
FN:97,(anonymous_5)
FNF:6
FNH:6
FNDA:1,(anonymous_0)
FNDA:2,(anonymous_1)
FNDA:2,(anonymous_2)
FNDA:2,(anonymous_3)
FNDA:2,(anonymous_4)
FNDA:2,(anonymous_5)
DA:1,6
DA:2,6
DA:4,6
DA:5,1
DA:6,1
DA:10,1
DA:15,0
DA:19,6
DA:20,2
DA:21,2
DA:23,2
DA:24,1
DA:27,1
DA:32,0
DA:36,6
DA:37,2
DA:38,2
DA:40,2
DA:41,1
DA:44,1
DA:51,1
DA:56,0
DA:60,6
DA:61,2
DA:62,2
DA:64,2
DA:65,1
DA:68,1
DA:70,1
DA:75,0
DA:79,6
DA:80,2
DA:81,2
DA:83,2
DA:84,1
DA:87,1
DA:89,1
DA:93,0
DA:97,6
DA:98,2
DA:99,2
DA:101,2
DA:102,1
DA:107,1
DA:118,1
DA:123,0
DA:127,6
LF:47
LH:41
BRDA:23,0,0,1
BRDA:23,0,1,1
BRDA:40,1,0,1
BRDA:40,1,1,1
BRDA:40,2,0,2
BRDA:40,2,1,2
BRDA:40,2,2,2
BRDA:40,2,3,1
BRDA:64,3,0,1
BRDA:64,3,1,1
BRDA:83,4,0,1
BRDA:83,4,1,1
BRDA:101,5,0,1
BRDA:101,5,1,1
BRF:14
BRH:14
end_of_record
TN:
SF:src\controllers\borrowController.js
FN:3,(anonymous_0)
FN:55,(anonymous_1)
FN:118,(anonymous_2)
FN:128,(anonymous_3)
FNF:4
FNH:4
FNDA:4,(anonymous_0)
FNDA:5,(anonymous_1)
FNDA:1,(anonymous_2)
FNDA:1,(anonymous_3)
DA:1,6
DA:3,6
DA:4,4
DA:6,4
DA:7,4
DA:8,4
DA:10,4
DA:11,1
DA:12,1
DA:15,3
DA:17,3
DA:18,1
DA:19,1
DA:22,2
DA:23,1
DA:24,1
DA:27,1
DA:32,1
DA:43,1
DA:45,1
DA:50,0
DA:51,0
DA:55,6
DA:56,5
DA:58,5
DA:59,5
DA:60,5
DA:62,5
DA:63,1
DA:64,1
DA:67,4
DA:69,4
DA:70,1
DA:71,1
DA:74,3
DA:75,1
DA:76,1
DA:79,2
DA:80,1
DA:81,1
DA:84,1
DA:86,1
DA:87,0
DA:88,0
DA:91,1
DA:99,1
DA:106,1
DA:108,1
DA:113,0
DA:114,0
DA:118,6
DA:119,1
DA:120,1
DA:122,1
DA:127,1
DA:129,1
DA:131,1
DA:138,1
DA:143,0
DA:149,6
LF:60
LH:53
BRDA:10,0,0,1
BRDA:10,0,1,3
BRDA:17,1,0,1
BRDA:17,1,1,2
BRDA:22,2,0,1
BRDA:22,2,1,1
BRDA:62,3,0,1
BRDA:62,3,1,4
BRDA:69,4,0,1
BRDA:69,4,1,3
BRDA:74,5,0,1
BRDA:74,5,1,2
BRDA:79,6,0,1
BRDA:79,6,1,1
BRDA:86,7,0,0
BRDA:86,7,1,1
BRDA:133,8,0,1
BRDA:133,8,1,0
BRDA:144,9,0,0
BRDA:144,9,1,0
BRF:20
BRH:16
end_of_record
TN:
SF:src\controllers\recommendationController.js
FN:3,(anonymous_0)
FNF:1
FNH:1
FNDA:1,(anonymous_0)
DA:1,6
DA:3,6
DA:4,1
DA:6,1
DA:8,1
DA:10,1
DA:12,0
DA:19,6
LF:8
LH:7
BRDA:6,0,0,1
BRDA:6,0,1,0
BRF:2
BRH:1
end_of_record
TN:
SF:src\middlewares\authMiddleware.js
FN:3,(anonymous_0)
FN:30,(anonymous_1)
FNF:2
FNH:2
FNDA:27,(anonymous_0)
FNDA:12,(anonymous_1)
DA:1,6
DA:3,6
DA:4,27
DA:5,27
DA:7,27
DA:8,1
DA:11,26
DA:13,26
DA:14,1
DA:17,25
DA:19,24
DA:24,24
DA:26,1
DA:30,6
DA:31,12
DA:32,1
DA:35,11
DA:38,6
LF:18
LH:18
BRDA:7,0,0,1
BRDA:7,0,1,26
BRDA:13,1,0,1
BRDA:13,1,1,25
BRDA:17,2,0,25
BRDA:17,2,1,0
BRDA:31,3,0,1
BRDA:31,3,1,11
BRF:8
BRH:7
end_of_record
TN:
SF:src\routes\adminRoutes.js
FN:7,(anonymous_0)
FNF:1
FNH:1
FNDA:1,(anonymous_0)
DA:1,6
DA:2,6
DA:3,6
DA:5,6
DA:7,6
DA:8,1
DA:13,6
DA:15,6
DA:17,6
LF:9
LH:9
BRF:0
BRH:0
end_of_record
TN:
SF:src\routes\authRoutes.js
FNF:0
FNH:0
DA:1,6
DA:2,6
DA:3,6
DA:5,6
DA:30,6
DA:53,6
DA:55,6
DA:57,6
LF:8
LH:8
BRF:0
BRH:0
end_of_record
TN:
SF:src\routes\bookRoutes.js
FNF:0
FNH:0
DA:1,6
DA:9,6
DA:11,6
DA:13,6
DA:25,6
DA:42,6
DA:60,6
DA:89,6
DA:109,6
DA:129,6
DA:131,6
LF:11
LH:11
BRF:0
BRH:0
end_of_record
TN:
SF:src\routes\borrowRoutes.js
FNF:0
FNH:0
DA:1,6
DA:2,6
DA:8,6
DA:10,6
DA:12,6
DA:13,6
DA:14,6
DA:16,6
LF:8
LH:8
BRF:0
BRH:0
end_of_record
TN:
SF:src\routes\recommendationRoutes.js
FNF:0
FNH:0
DA:1,6
DA:4,6
DA:6,6
DA:18,6
DA:20,6
LF:5
LH:5
BRF:0
BRH:0
end_of_record
