TN:
SF:models\book.js
FN:5,(anonymous_0)
FN:12,(anonymous_1)
FNF:2
FNH:2
FNDA:8,(anonymous_0)
FNDA:8,(anonymous_1)
DA:4,8
DA:5,8
DA:13,8
DA:19,8
DA:28,8
LF:5
LH:5
BRF:0
BRH:0
end_of_record
TN:
SF:models\borrowrecord.js
FN:5,(anonymous_0)
FN:12,(anonymous_1)
FNF:2
FNH:2
FNDA:8,(anonymous_0)
FNDA:8,(anonymous_1)
DA:4,8
DA:5,8
DA:13,8
DA:18,8
DA:24,8
DA:39,8
LF:6
LH:6
BRF:0
BRH:0
end_of_record
TN:
SF:models\index.js
FN:21,(anonymous_0)
FN:29,(anonymous_1)
FN:34,(anonymous_2)
FNF:3
FNH:3
FNDA:32,(anonymous_0)
FNDA:24,(anonymous_1)
FNDA:24,(anonymous_2)
DA:3,8
DA:4,8
DA:5,8
DA:6,8
DA:7,8
DA:8,8
DA:9,8
DA:10,8
DA:13,8
DA:14,0
DA:16,8
DA:19,8
DA:22,32
DA:30,24
DA:31,24
DA:34,8
DA:35,24
DA:36,24
DA:40,8
DA:41,8
DA:43,8
LF:21
LH:20
BRDA:8,0,0,8
BRDA:8,0,1,0
BRDA:13,1,0,0
BRDA:13,1,1,8
BRDA:23,2,0,32
BRDA:23,2,1,32
BRDA:23,2,2,24
BRDA:23,2,3,24
BRDA:35,3,0,24
BRDA:35,3,1,0
BRF:10
BRH:7
end_of_record
TN:
SF:models\user.js
FN:5,(anonymous_0)
FN:12,(anonymous_1)
FNF:2
FNH:2
FNDA:8,(anonymous_0)
FNDA:8,(anonymous_1)
DA:4,8
DA:5,8
DA:13,8
DA:20,8
DA:29,8
LF:5
LH:5
BRF:0
BRH:0
end_of_record
TN:
SF:src\app.js
FN:26,(anonymous_0)
FN:43,(anonymous_1)
FNF:2
FNH:1
FNDA:1,(anonymous_0)
FNDA:0,(anonymous_1)
DA:1,8
DA:2,8
DA:3,8
DA:5,8
DA:7,8
DA:8,8
DA:9,8
DA:10,8
DA:11,8
DA:13,8
DA:16,8
DA:23,8
DA:26,8
DA:27,1
DA:33,8
DA:34,8
DA:35,8
DA:36,8
DA:37,8
DA:40,8
DA:43,8
DA:44,0
DA:49,8
LF:23
LH:22
BRF:0
BRH:0
end_of_record
TN:
SF:src\controllers\adminController.js
FN:11,(anonymous_0)
FN:18,(anonymous_1)
FN:27,(anonymous_2)
FN:37,(anonymous_3)
FN:91,(anonymous_4)
FN:126,(anonymous_5)
FN:148,(anonymous_6)
FN:174,(anonymous_7)
FNF:8
FNH:8
FNDA:8,(anonymous_0)
FNDA:1,(anonymous_1)
FNDA:2,(anonymous_2)
FNDA:3,(anonymous_3)
FNDA:1,(anonymous_4)
FNDA:1,(anonymous_5)
FNDA:1,(anonymous_6)
FNDA:1,(anonymous_7)
DA:1,8
DA:2,8
DA:6,8
DA:8,8
DA:9,8
DA:11,8
DA:12,8
DA:13,8
DA:15,8
DA:18,8
DA:19,1
DA:20,1
DA:25,1
DA:27,2
DA:33,0
DA:37,8
DA:38,3
DA:39,3
DA:41,3
DA:42,0
DA:45,3
DA:47,3
DA:48,0
DA:53,3
DA:54,1
DA:59,2
DA:61,2
DA:62,0
DA:65,2
DA:66,1
DA:71,1
DA:75,1
DA:87,0
DA:91,8
DA:92,1
DA:93,1
DA:104,1
DA:126,1
DA:127,1
DA:130,1
DA:144,0
DA:148,8
DA:149,1
DA:150,1
DA:152,1
DA:174,1
DA:175,1
DA:176,1
DA:177,1
DA:178,1
DA:179,1
DA:181,1
DA:192,1
DA:197,0
DA:201,8
LF:55
LH:48
BRDA:12,0,0,0
BRDA:12,0,1,8
BRDA:13,1,0,0
BRDA:13,1,1,8
BRDA:41,2,0,0
BRDA:41,2,1,3
BRDA:41,3,0,3
BRDA:41,3,1,3
BRDA:41,3,2,3
BRDA:47,4,0,0
BRDA:47,4,1,3
BRDA:47,5,0,3
BRDA:47,5,1,3
BRDA:53,6,0,1
BRDA:53,6,1,2
BRDA:61,7,0,0
BRDA:61,7,1,2
BRDA:65,8,0,1
BRDA:65,8,1,1
BRDA:135,9,0,1
BRDA:135,9,1,0
BRDA:140,10,0,1
BRDA:140,10,1,0
BRDA:177,11,0,1
BRDA:177,11,1,0
BRDA:178,12,0,1
BRDA:178,12,1,0
BRDA:179,13,0,1
BRDA:179,13,1,0
BRF:29
BRH:19
end_of_record
TN:
SF:src\controllers\authController.js
FN:8,(anonymous_0)
FN:15,(anonymous_1)
FN:46,(anonymous_2)
FN:88,(anonymous_3)
FNF:4
FNH:4
FNDA:2,(anonymous_0)
FNDA:6,(anonymous_1)
FNDA:3,(anonymous_2)
FNDA:2,(anonymous_3)
DA:1,8
DA:2,8
DA:3,8
DA:5,8
DA:6,8
DA:8,8
DA:9,2
DA:10,2
DA:12,2
DA:15,8
DA:16,6
DA:17,6
DA:19,6
DA:20,1
DA:25,5
DA:27,5
DA:28,1
DA:31,4
DA:33,4
DA:40,4
DA:42,0
DA:46,8
DA:47,3
DA:48,3
DA:50,3
DA:52,3
DA:53,1
DA:56,2
DA:58,2
DA:59,1
DA:62,1
DA:64,1
DA:73,1
DA:84,0
DA:88,8
DA:89,2
DA:90,2
DA:94,2
DA:95,1
DA:98,1
DA:105,0
DA:109,8
LF:42
LH:39
BRDA:9,0,0,0
BRDA:9,0,1,2
BRDA:10,1,0,0
BRDA:10,1,1,2
BRDA:19,2,0,1
BRDA:19,2,1,5
BRDA:19,3,0,6
BRDA:19,3,1,6
BRDA:19,3,2,6
BRDA:27,4,0,1
BRDA:27,4,1,4
BRDA:52,5,0,1
BRDA:52,5,1,2
BRDA:58,6,0,1
BRDA:58,6,1,1
BRDA:69,7,0,1
BRDA:69,7,1,0
BRDA:94,8,0,1
BRDA:94,8,1,1
BRF:19
BRH:16
end_of_record
TN:
SF:src\controllers\bookController.js
FN:4,(anonymous_0)
FN:19,(anonymous_1)
FN:36,(anonymous_2)
FN:60,(anonymous_3)
FN:79,(anonymous_4)
FN:97,(anonymous_5)
FNF:6
FNH:6
FNDA:1,(anonymous_0)
FNDA:2,(anonymous_1)
FNDA:2,(anonymous_2)
FNDA:2,(anonymous_3)
FNDA:2,(anonymous_4)
FNDA:2,(anonymous_5)
DA:1,8
DA:2,8
DA:4,8
DA:5,1
DA:6,1
DA:10,1
DA:15,0
DA:19,8
DA:20,2
DA:21,2
DA:23,2
DA:24,1
DA:27,1
DA:32,0
DA:36,8
DA:37,2
DA:38,2
DA:40,2
DA:41,1
DA:44,1
DA:51,1
DA:56,0
DA:60,8
DA:61,2
DA:62,2
DA:64,2
DA:65,1
DA:68,1
DA:70,1
DA:75,0
DA:79,8
DA:80,2
DA:81,2
DA:83,2
DA:84,1
DA:87,1
DA:89,1
DA:93,0
DA:97,8
DA:98,2
DA:99,2
DA:101,2
DA:102,1
DA:107,1
DA:118,1
DA:123,0
DA:127,8
LF:47
LH:41
BRDA:23,0,0,1
BRDA:23,0,1,1
BRDA:40,1,0,1
BRDA:40,1,1,1
BRDA:40,2,0,2
BRDA:40,2,1,2
BRDA:40,2,2,2
BRDA:40,2,3,1
BRDA:64,3,0,1
BRDA:64,3,1,1
BRDA:83,4,0,1
BRDA:83,4,1,1
BRDA:101,5,0,1
BRDA:101,5,1,1
BRF:14
BRH:14
end_of_record
TN:
SF:src\controllers\borrowController.js
FN:11,(anonymous_0)
FN:22,(anonymous_1)
FN:41,(anonymous_2)
FN:62,(anonymous_3)
FN:129,(anonymous_4)
FN:196,(anonymous_5)
FN:212,(anonymous_6)
FNF:7
FNH:7
FNDA:4,(anonymous_0)
FNDA:5,(anonymous_1)
FNDA:7,(anonymous_2)
FNDA:8,(anonymous_3)
FNDA:6,(anonymous_4)
FNDA:2,(anonymous_5)
FNDA:3,(anonymous_6)
DA:1,8
DA:6,8
DA:9,8
DA:11,8
DA:12,4
DA:13,4
DA:14,4
DA:15,4
DA:16,4
DA:19,0
DA:22,8
DA:23,5
DA:24,1
DA:27,4
DA:28,4
DA:30,4
DA:35,3
DA:38,1
DA:41,8
DA:42,7
DA:43,7
DA:44,7
DA:45,7
DA:46,7
DA:47,7
DA:49,7
DA:62,8
DA:63,8
DA:65,8
DA:66,8
DA:67,8
DA:69,8
DA:70,1
DA:71,1
DA:74,7
DA:76,7
DA:77,1
DA:78,1
DA:81,6
DA:82,1
DA:83,1
DA:86,5
DA:87,5
DA:89,5
DA:90,3
DA:91,3
DA:94,2
DA:99,2
DA:112,2
DA:114,2
DA:116,2
DA:124,0
DA:125,0
DA:129,8
DA:130,6
DA:132,6
DA:133,6
DA:134,6
DA:136,6
DA:137,1
DA:138,1
DA:141,5
DA:143,5
DA:144,1
DA:145,1
DA:148,4
DA:149,1
DA:150,1
DA:153,3
DA:154,1
DA:155,1
DA:158,2
DA:160,2
DA:161,0
DA:162,0
DA:165,2
DA:166,2
DA:168,2
DA:177,2
DA:184,2
DA:186,2
DA:191,0
DA:192,0
DA:196,8
DA:197,2
DA:198,2
DA:200,2
DA:212,3
DA:214,2
DA:219,0
DA:225,8
LF:91
LH:83
BRDA:12,0,0,4
BRDA:12,0,1,0
BRDA:12,1,0,4
BRDA:12,1,1,4
BRDA:23,2,0,1
BRDA:23,2,1,4
BRDA:30,3,0,3
BRDA:30,3,1,1
BRDA:31,4,0,4
BRDA:31,4,1,4
BRDA:31,4,2,2
BRDA:41,5,0,5
BRDA:42,6,0,7
BRDA:42,6,1,0
BRDA:43,7,0,7
BRDA:43,7,1,5
BRDA:43,7,2,5
BRDA:43,7,3,2
BRDA:44,8,0,7
BRDA:44,8,1,5
BRDA:47,9,0,7
BRDA:47,9,1,6
BRDA:56,10,0,2
BRDA:56,10,1,5
BRDA:69,11,0,1
BRDA:69,11,1,7
BRDA:76,12,0,1
BRDA:76,12,1,6
BRDA:81,13,0,1
BRDA:81,13,1,5
BRDA:89,14,0,3
BRDA:89,14,1,2
BRDA:136,15,0,1
BRDA:136,15,1,5
BRDA:143,16,0,1
BRDA:143,16,1,4
BRDA:148,17,0,1
BRDA:148,17,1,3
BRDA:153,18,0,1
BRDA:153,18,1,2
BRDA:160,19,0,0
BRDA:160,19,1,2
BRDA:220,20,0,0
BRDA:220,20,1,0
BRF:44
BRH:39
end_of_record
TN:
SF:src\controllers\recommendationController.js
FN:3,(anonymous_0)
FNF:1
FNH:1
FNDA:1,(anonymous_0)
DA:1,8
DA:3,8
DA:4,1
DA:6,1
DA:8,1
DA:10,1
DA:12,0
DA:19,8
LF:8
LH:7
BRDA:6,0,0,1
BRDA:6,0,1,0
BRF:2
BRH:1
end_of_record
TN:
SF:src\middlewares\authMiddleware.js
FN:3,(anonymous_0)
FN:30,(anonymous_1)
FNF:2
FNH:2
FNDA:39,(anonymous_0)
FNDA:16,(anonymous_1)
DA:1,8
DA:3,8
DA:4,39
DA:5,39
DA:7,39
DA:8,3
DA:11,36
DA:13,36
DA:14,1
DA:17,35
DA:19,34
DA:24,34
DA:26,1
DA:30,8
DA:31,16
DA:32,3
DA:35,13
DA:38,8
LF:18
LH:18
BRDA:7,0,0,3
BRDA:7,0,1,36
BRDA:13,1,0,1
BRDA:13,1,1,35
BRDA:17,2,0,35
BRDA:17,2,1,0
BRDA:31,3,0,3
BRDA:31,3,1,13
BRF:8
BRH:7
end_of_record
TN:
SF:src\routes\adminRoutes.js
FN:12,(anonymous_0)
FNF:1
FNH:1
FNDA:1,(anonymous_0)
DA:1,8
DA:7,8
DA:8,8
DA:10,8
DA:12,8
DA:13,1
DA:18,8
DA:20,8
DA:22,8
DA:24,8
DA:26,8
LF:11
LH:11
BRF:0
BRH:0
end_of_record
TN:
SF:src\routes\authRoutes.js
FNF:0
FNH:0
DA:1,8
DA:2,8
DA:3,8
DA:5,8
DA:30,8
DA:53,8
DA:55,8
DA:57,8
LF:8
LH:8
BRF:0
BRH:0
end_of_record
TN:
SF:src\routes\bookRoutes.js
FNF:0
FNH:0
DA:1,8
DA:9,8
DA:11,8
DA:13,8
DA:25,8
DA:42,8
DA:60,8
DA:89,8
DA:109,8
DA:129,8
DA:131,8
LF:11
LH:11
BRF:0
BRH:0
end_of_record
TN:
SF:src\routes\borrowRoutes.js
FNF:0
FNH:0
DA:1,8
DA:2,8
DA:8,8
DA:10,8
DA:12,8
DA:13,8
DA:14,8
DA:16,8
LF:8
LH:8
BRF:0
BRH:0
end_of_record
TN:
SF:src\routes\recommendationRoutes.js
FNF:0
FNH:0
DA:1,8
DA:4,8
DA:6,8
DA:18,8
DA:20,8
LF:5
LH:5
BRF:0
BRH:0
end_of_record
